0001	一
0002	乙
0003	二
0004	十
0005	丁
0006	厂
0007	七
0008	卜
0009	八
0010	人
0011	入
0012	儿
0013	匕
0014	几
0015	九
0016	刁
0017	了
0018	刀
0019	力
0020	乃
0021	又
0022	三
0023	干
0024	于
0025	亏
0026	工
0027	土
0028	士
0029	才
0030	下
0031	寸
0032	大
0033	丈
0034	与
0035	万
0036	上
0037	小
0038	口
0039	山
0040	巾
0041	千
0042	乞
0043	川
0044	亿
0045	个
0046	夕
0047	久
0048	么
0049	勺
0050	凡
0051	丸
0052	及
0053	广
0054	亡
0055	门
0056	丫
0057	义
0058	之
0059	尸
0060	己
0061	已
0062	巳
0063	弓
0064	子
0065	卫
0066	也
0067	女
0068	刃
0069	飞
0070	习
0071	叉
0072	马
0073	乡
0074	丰
0075	王
0076	开
0077	井
0078	天
0079	夫
0080	元
0081	无
0082	云
0083	专
0084	丐
0085	扎
0086	艺
0087	木
0088	五
0089	支
0090	厅
0091	不
0092	犬
0093	太
0094	区
0095	历
0096	歹
0097	友
0098	尤
0099	匹
0100	车
0101	巨
0102	牙
0103	屯
0104	戈
0105	比
0106	互
0107	切
0108	瓦
0109	止
0110	少
0111	曰
0112	日
0113	中
0114	贝
0115	冈
0116	内
0117	水
0118	见
0119	午
0120	牛
0121	手
0122	气
0123	毛
0124	壬
0125	升
0126	夭
0127	长
0128	仁
0129	什
0130	片
0131	仆
0132	化
0133	仇
0134	币
0135	仍
0136	仅
0137	斤
0138	爪
0139	反
0140	介
0141	父
0142	从
0143	仑
0144	今
0145	凶
0146	分
0147	乏
0148	公
0149	仓
0150	月
0151	氏
0152	勿
0153	欠
0154	风
0155	丹
0156	匀
0157	乌
0158	勾
0159	凤
0160	六
0161	文
0162	亢
0163	方
0164	火
0165	为
0166	斗
0167	忆
0168	计
0169	订
0170	户
0171	认
0172	冗
0173	讥
0174	心
0175	尺
0176	引
0177	丑
0178	巴
0179	孔
0180	队
0181	办
0182	以
0183	允
0184	予
0185	邓
0186	劝
0187	双
0188	书
0189	幻
0190	玉
0191	刊
0192	未
0193	末
0194	示
0195	击
0196	打
0197	巧
0198	正
0199	扑
0200	卉
0201	扒
0202	功
0203	扔
0204	去
0205	甘
0206	世
0207	艾
0208	古
0209	节
0210	本
0211	术
0212	可
0213	丙
0214	左
0215	厉
0216	石
0217	右
0218	布
0219	夯
0220	戊
0221	龙
0222	平
0223	灭
0224	轧
0225	东
0226	卡
0227	北
0228	占
0229	凸
0230	卢
0231	业
0232	旧
0233	帅
0234	归
0235	旦
0236	目
0237	且
0238	叶
0239	甲
0240	申
0241	叮
0242	电
0243	号
0244	田
0245	由
0246	只
0247	叭
0248	史
0249	央
0250	兄
0251	叽
0252	叼
0253	叫
0254	叩
0255	叨
0256	另
0257	叹
0258	冉
0259	皿
0260	凹
0261	囚
0262	四
0263	生
0264	矢
0265	失
0266	乍
0267	禾
0268	丘
0269	付
0270	仗
0271	代
0272	仙
0273	们
0274	仪
0275	白
0276	仔
0277	他
0278	斥
0279	瓜
0280	乎
0281	丛
0282	令
0283	用
0284	甩
0285	印
0286	尔
0287	乐
0288	句
0289	匆
0290	册
0291	卯
0292	犯
0293	外
0294	处
0295	冬
0296	鸟
0297	务
0298	包
0299	饥
0300	主
0301	市
0302	立
0303	冯
0304	玄
0305	闪
0306	兰
0307	半
0308	汁
0309	汇
0310	头
0311	汉
0312	宁
0313	穴
0314	它
0315	讨
0316	写
0317	让
0318	礼
0319	训
0320	议
0321	必
0322	讯
0323	记
0324	永
0325	司
0326	尼
0327	民
0328	弗
0329	弘
0330	出
0331	辽
0332	奶
0333	奴
0334	召
0335	加
0336	皮
0337	边
0338	孕
0339	发
0340	圣
0341	对
0342	台
0343	矛
0344	纠
0345	母
0346	幼
0347	丝
0348	邦
0349	式
0350	迂
0351	刑
0352	戎
0353	动
0354	扛
0355	寺
0356	吉
0357	扣
0358	考
0359	托
0360	老
0361	巩
0362	圾
0363	执
0364	扩
0365	扫
0366	地
0367	场
0368	扬
0369	耳
0370	芋
0371	共
0372	芒
0373	亚
0374	芝
0375	朽
0376	朴
0377	机
0378	权
0379	过
0380	臣
0381	吏
0382	再
0383	协
0384	西
0385	压
0386	厌
0387	戌
0388	在
0389	百
0390	有
0391	存
0392	而
0393	页
0394	匠
0395	夸
0396	夺
0397	灰
0398	达
0399	列
0400	死
0401	成
0402	夹
0403	夷
0404	轨
0405	邪
0406	尧
0407	划
0408	迈
0409	毕
0410	至
0411	此
0412	贞
0413	师
0414	尘
0415	尖
0416	劣
0417	光
0418	当
0419	早
0420	吁
0421	吐
0422	吓
0423	虫
0424	曲
0425	团
0426	吕
0427	同
0428	吊
0429	吃
0430	因
0431	吸
0432	吗
0433	吆
0434	屿
0435	屹
0436	岁
0437	帆
0438	回
0439	岂
0440	则
0441	刚
0442	网
0443	肉
0444	年
0445	朱
0446	先
0447	丢
0448	廷
0449	舌
0450	竹
0451	迁
0452	乔
0453	迄
0454	伟
0455	传
0456	乒
0457	乓
0458	休
0459	伍
0460	伏
0461	优
0462	臼
0463	伐
0464	延
0465	仲
0466	件
0467	任
0468	伤
0469	价
0470	伦
0471	份
0472	华
0473	仰
0474	仿
0475	伙
0476	伪
0477	自
0478	伊
0479	血
0480	向
0481	似
0482	后
0483	行
0484	舟
0485	全
0486	会
0487	杀
0488	合
0489	兆
0490	企
0491	众
0492	爷
0493	伞
0494	创
0495	肌
0496	肋
0497	朵
0498	杂
0499	危
0500	旬
0501	旨
0502	旭
0503	负
0504	匈
0505	名
0506	各
0507	多
0508	争
0509	色
0510	壮
0511	冲
0512	妆
0513	冰
0514	庄
0515	庆
0516	亦
0517	刘
0518	齐
0519	交
0520	衣
0521	次
0522	产
0523	决
0524	亥
0525	充
0526	妄
0527	闭
0528	问
0529	闯
0530	羊
0531	并
0532	关
0533	米
0534	灯
0535	州
0536	汗
0537	污
0538	江
0539	汛
0540	池
0541	汝
0542	汤
0543	忙
0544	兴
0545	宇
0546	守
0547	宅
0548	字
0549	安
0550	讲
0551	讳
0552	军
0553	讶
0554	许
0555	讹
0556	论
0557	讼
0558	农
0559	讽
0560	设
0561	访
0562	诀
0563	寻
0564	那
0565	迅
0566	尽
0567	导
0568	异
0569	弛
0570	孙
0571	阵
0572	阳
0573	收
0574	阶
0575	阴
0576	防
0577	奸
0578	如
0579	妇
0580	妃
0581	好
0582	她
0583	妈
0584	戏
0585	羽
0586	观
0587	欢
0588	买
0589	红
0590	驮
0591	纤
0592	驯
0593	约
0594	级
0595	纪
0596	驰
0597	纫
0598	巡
0599	寿
0600	弄
0601	麦
0602	玖
0603	玛
0604	形
0605	进
0606	戒
0607	吞
0608	远
0609	违
0610	韧
0611	运
0612	扶
0613	抚
0614	坛
0615	技
0616	坏
0617	抠
0618	扰
0619	扼
0620	拒
0621	找
0622	批
0623	址
0624	扯
0625	走
0626	抄
0627	贡
0628	汞
0629	坝
0630	攻
0631	赤
0632	折
0633	抓
0634	扳
0635	抡
0636	扮
0637	抢
0638	孝
0639	坎
0640	均
0641	抑
0642	抛
0643	投
0644	坟
0645	坑
0646	抗
0647	坊
0648	抖
0649	护
0650	壳
0651	志
0652	块
0653	扭
0654	声
0655	把
0656	报
0657	拟
0658	却
0659	抒
0660	劫
0661	芙
0662	芜
0663	苇
0664	芽
0665	花
0666	芹
0667	芥
0668	芬
0669	苍
0670	芳
0671	严
0672	芦
0673	芯
0674	劳
0675	克
0676	芭
0677	苏
0678	杆
0679	杠
0680	杜
0681	材
0682	村
0683	杖
0684	杏
0685	杉
0686	巫
0687	极
0688	李
0689	杨
0690	求
0691	甫
0692	匣
0693	更
0694	束
0695	吾
0696	豆
0697	两
0698	酉
0699	丽
0700	医
0701	辰
0702	励
0703	否
0704	还
0705	尬
0706	歼
0707	来
0708	连
0709	轩
0710	步
0711	卤
0712	坚
0713	肖
0714	旱
0715	盯
0716	呈
0717	时
0718	吴
0719	助
0720	县
0721	里
0722	呆
0723	吱
0724	吠
0725	呕
0726	园
0727	旷
0728	围
0729	呀
0730	吨
0731	足
0732	邮
0733	男
0734	困
0735	吵
0736	串
0737	员
0738	呐
0739	听
0740	吟
0741	吩
0742	呛
0743	吻
0744	吹
0745	呜
0746	吭
0747	吧
0748	邑
0749	吼
0750	囤
0751	别
0752	吮
0753	岖
0754	岗
0755	帐
0756	财
0757	针
0758	钉
0759	牡
0760	告
0761	我
0762	乱
0763	利
0764	秃
0765	秀
0766	私
0767	每
0768	兵
0769	估
0770	体
0771	何
0772	佐
0773	佑
0774	但
0775	伸
0776	佃
0777	作
0778	伯
0779	伶
0780	佣
0781	低
0782	你
0783	住
0784	位
0785	伴
0786	身
0787	皂
0788	伺
0789	佛
0790	囱
0791	近
0792	彻
0793	役
0794	返
0795	余
0796	希
0797	坐
0798	谷
0799	妥
0800	含
0801	邻
0802	岔
0803	肝
0804	肛
0805	肚
0806	肘
0807	肠
0808	龟
0809	甸
0810	免
0811	狂
0812	犹
0813	狈
0814	角
0815	删
0816	条
0817	彤
0818	卵
0819	灸
0820	岛
0821	刨
0822	迎
0823	饭
0824	饮
0825	系
0826	言
0827	冻
0828	状
0829	亩
0830	况
0831	床
0832	库
0833	庇
0834	疗
0835	吝
0836	应
0837	这
0838	冷
0839	庐
0840	序
0841	辛
0842	弃
0843	冶
0844	忘
0845	闰
0846	闲
0847	间
0848	闷
0849	判
0850	兑
0851	灶
0852	灿
0853	灼
0854	弟
0855	汪
0856	沐
0857	沛
0858	汰
0859	沥
0860	沙
0861	汽
0862	沃
0863	沦
0864	汹
0865	泛
0866	沧
0867	没
0868	沟
0869	沪
0870	沈
0871	沉
0872	沁
0873	怀
0874	忧
0875	忱
0876	快
0877	完
0878	宋
0879	宏
0880	牢
0881	究
0882	穷
0883	灾
0884	良
0885	证
0886	启
0887	评
0888	补
0889	初
0890	社
0891	祀
0892	识
0893	诈
0894	诉
0895	罕
0896	诊
0897	词
0898	译
0899	君
0900	灵
0901	即
0902	层
0903	屁
0904	尿
0905	尾
0906	迟
0907	局
0908	改
0909	张
0910	忌
0911	际
0912	陆
0913	阿
0914	陈
0915	阻
0916	附
0917	坠
0918	妓
0919	妙
0920	妖
0921	姊
0922	妨
0923	妒
0924	努
0925	忍
0926	劲
0927	矣
0928	鸡
0929	纬
0930	驱
0931	纯
0932	纱
0933	纲
0934	纳
0935	驳
0936	纵
0937	纷
0938	纸
0939	纹
0940	纺
0941	驴
0942	纽
0943	奉
0944	玩
0945	环
0946	武
0947	青
0948	责
0949	现
0950	玫
0951	表
0952	规
0953	抹
0954	卦
0955	坷
0956	坯
0957	拓
0958	拢
0959	拔
0960	坪
0961	拣
0962	坦
0963	担
0964	坤
0965	押
0966	抽
0967	拐
0968	拖
0969	者
0970	拍
0971	顶
0972	拆
0973	拎
0974	拥
0975	抵
0976	拘
0977	势
0978	抱
0979	拄
0980	垃
0981	拉
0982	拦
0983	幸
0984	拌
0985	拧
0986	拂
0987	拙
0988	招
0989	坡
0990	披
0991	拨
0992	择
0993	抬
0994	拇
0995	拗
0996	其
0997	取
0998	茉
0999	苦
1000	昔
1001	苛
1002	若
1003	茂
1004	苹
1005	苗
1006	英
1007	苟
1008	苑
1009	苞
1010	范
1011	直
1012	茁
1013	茄
1014	茎
1015	苔
1016	茅
1017	枉
1018	林
1019	枝
1020	杯
1021	枢
1022	柜
1023	枚
1024	析
1025	板
1026	松
1027	枪
1028	枫
1029	构
1030	杭
1031	杰
1032	述
1033	枕
1034	丧
1035	或
1036	画
1037	卧
1038	事
1039	刺
1040	枣
1041	雨
1042	卖
1043	郁
1044	矾
1045	矿
1046	码
1047	厕
1048	奈
1049	奔
1050	奇
1051	奋
1052	态
1053	欧
1054	殴
1055	垄
1056	妻
1057	轰
1058	顷
1059	转
1060	斩
1061	轮
1062	软
1063	到
1064	非
1065	叔
1066	歧
1067	肯
1068	齿
1069	些
1070	卓
1071	虎
1072	虏
1073	肾
1074	贤
1075	尚
1076	旺
1077	具
1078	味
1079	果
1080	昆
1081	国
1082	哎
1083	咕
1084	昌
1085	呵
1086	畅
1087	明
1088	易
1089	咙
1090	昂
1091	迪
1092	典
1093	固
1094	忠
1095	呻
1096	咒
1097	咋
1098	咐
1099	呼
1100	鸣
1101	咏
1102	呢
1103	咄
1104	咖
1105	岸
1106	岩
1107	帖
1108	罗
1109	帜
1110	帕
1111	岭
1112	凯
1113	败
1114	账
1115	贩
1116	贬
1117	购
1118	贮
1119	图
1120	钓
1121	制
1122	知
1123	迭
1124	氛
1125	垂
1126	牧
1127	物
1128	乖
1129	刮
1130	秆
1131	和
1132	季
1133	委
1134	秉
1135	佳
1136	侍
1137	岳
1138	供
1139	使
1140	例
1141	侠
1142	侥
1143	版
1144	侄
1145	侦
1146	侣
1147	侧
1148	凭
1149	侨
1150	佩
1151	货
1152	侈
1153	依
1154	卑
1155	的
1156	迫
1157	质
1158	欣
1159	征
1160	往
1161	爬
1162	彼
1163	径
1164	所
1165	舍
1166	金
1167	刹
1168	命
1169	肴
1170	斧
1171	爸
1172	采
1173	觅
1174	受
1175	乳
1176	贪
1177	念
1178	贫
1179	忿
1180	肤
1181	肺
1182	肢
1183	肿
1184	胀
1185	朋
1186	股
1187	肮
1188	肪
1189	肥
1190	服
1191	胁
1192	周
1193	昏
1194	鱼
1195	兔
1196	狐
1197	忽
1198	狗
1199	狞
1200	备
1201	饰
1202	饱
1203	饲
1204	变
1205	京
1206	享
1207	庞
1208	店
1209	夜
1210	庙
1211	府
1212	底
1213	疟
1214	疙
1215	疚
1216	剂
1217	卒
1218	郊
1219	庚
1220	废
1221	净
1222	盲
1223	放
1224	刻
1225	育
1226	氓
1227	闸
1228	闹
1229	郑
1230	券
1231	卷
1232	单
1233	炬
1234	炒
1235	炊
1236	炕
1237	炎
1238	炉
1239	沫
1240	浅
1241	法
1242	泄
1243	沽
1244	河
1245	沾
1246	泪
1247	沮
1248	油
1249	泊
1250	沿
1251	泡
1252	注
1253	泣
1254	泞
1255	泻
1256	泌
1257	泳
1258	泥
1259	沸
1260	沼
1261	波
1262	泼
1263	泽
1264	治
1265	怔
1266	怯
1267	怖
1268	性
1269	怕
1270	怜
1271	怪
1272	怡
1273	学
1274	宝
1275	宗
1276	定
1277	宠
1278	宜
1279	审
1280	宙
1281	官
1282	空
1283	帘
1284	宛
1285	实
1286	试
1287	郎
1288	诗
1289	肩
1290	房
1291	诚
1292	衬
1293	衫
1294	视
1295	祈
1296	话
1297	诞
1298	诡
1299	询
1300	该
1301	详
1302	建
1303	肃
1304	录
1305	隶
1306	帚
1307	屉
1308	居
1309	届
1310	刷
1311	屈
1312	弧
1313	弥
1314	弦
1315	承
1316	孟
1317	陋
1318	陌
1319	孤
1320	陕
1321	降
1322	函
1323	限
1324	妹
1325	姑
1326	姐
1327	姓
1328	妮
1329	始
1330	姆
1331	迢
1332	驾
1333	叁
1334	参
1335	艰
1336	线
1337	练
1338	组
1339	绅
1340	细
1341	驶
1342	织
1343	驹
1344	终
1345	驻
1346	绊
1347	驼
1348	绍
1349	绎
1350	经
1351	贯
1352	契
1353	贰
1354	奏
1355	春
1356	帮
1357	玷
1358	珍
1359	玲
1360	珊
1361	玻
1362	毒
1363	型
1364	拭
1365	挂
1366	封
1367	持
1368	拷
1369	拱
1370	项
1371	垮
1372	挎
1373	城
1374	挟
1375	挠
1376	政
1377	赴
1378	赵
1379	挡
1380	拽
1381	哉
1382	挺
1383	括
1384	垢
1385	拴
1386	拾
1387	挑
1388	垛
1389	指
1390	垫
1391	挣
1392	挤
1393	拼
1394	挖
1395	按
1396	挥
1397	挪
1398	拯
1399	某
1400	甚
1401	荆
1402	茸
1403	革
1404	茬
1405	荐
1406	巷
1407	带
1408	草
1409	茧
1410	茵
1411	茶
1412	荒
1413	茫
1414	荡
1415	荣
1416	荤
1417	荧
1418	故
1419	胡
1420	荫
1421	荔
1422	南
1423	药
1424	标
1425	栈
1426	柑
1427	枯
1428	柄
1429	栋
1430	相
1431	查
1432	柏
1433	栅
1434	柳
1435	柱
1436	柿
1437	栏
1438	柠
1439	树
1440	勃
1441	要
1442	柬
1443	咸
1444	威
1445	歪
1446	研
1447	砖
1448	厘
1449	厚
1450	砌
1451	砂
1452	泵
1453	砚
1454	砍
1455	面
1456	耐
1457	耍
1458	牵
1459	鸥
1460	残
1461	殃
1462	轴
1463	轻
1464	鸦
1465	皆
1466	韭
1467	背
1468	战
1469	点
1470	虐
1471	临
1472	览
1473	竖
1474	省
1475	削
1476	尝
1477	昧
1478	盹
1479	是
1480	盼
1481	眨
1482	哇
1483	哄
1484	哑
1485	显
1486	冒
1487	映
1488	星
1489	昨
1490	咧
1491	昭
1492	畏
1493	趴
1494	胃
1495	贵
1496	界
1497	虹
1498	虾
1499	蚁
1500	思
1501	蚂
1502	虽
1503	品
1504	咽
1505	骂
1506	勋
1507	哗
1508	咱
1509	响
1510	哈
1511	哆
1512	咬
1513	咳
1514	咪
1515	哪
1516	哟
1517	炭
1518	峡
1519	罚
1520	贱
1521	贴
1522	贻
1523	骨
1524	幽
1525	钙
1526	钝
1527	钞
1528	钟
1529	钢
1530	钠
1531	钥
1532	钦
1533	钧
1534	钩
1535	钮
1536	卸
1537	缸
1538	拜
1539	看
1540	矩
1541	毡
1542	氢
1543	怎
1544	牲
1545	选
1546	适
1547	秒
1548	香
1549	种
1550	秋
1551	科
1552	重
1553	复
1554	竿
1555	段
1556	便
1557	俩
1558	贷
1559	顺
1560	修
1561	俏
1562	保
1563	促
1564	俄
1565	俐
1566	侮
1567	俭
1568	俗
1569	俘
1570	信
1571	皇
1572	泉
1573	鬼
1574	侵
1575	禹
1576	侯
1577	追
1578	俊
1579	盾
1580	待
1581	徊
1582	衍
1583	律
1584	很
1585	须
1586	叙
1587	剑
1588	逃
1589	食
1590	盆
1591	胚
1592	胧
1593	胆
1594	胜
1595	胞
1596	胖
1597	脉
1598	胎
1599	勉
1600	狭
1601	狮
1602	独
1603	狰
1604	狡
1605	狱
1606	狠
1607	贸
1608	怨
1609	急
1610	饵
1611	饶
1612	蚀
1613	饺
1614	饼
1615	峦
1616	弯
1617	将
1618	奖
1619	哀
1620	亭
1621	亮
1622	度
1623	迹
1624	庭
1625	疮
1626	疯
1627	疫
1628	疤
1629	咨
1630	姿
1631	亲
1632	音
1633	帝
1634	施
1635	闺
1636	闻
1637	闽
1638	阀
1639	阁
1640	差
1641	养
1642	美
1643	姜
1644	叛
1645	送
1646	类
1647	迷
1648	籽
1649	娄
1650	前
1651	首
1652	逆
1653	兹
1654	总
1655	炼
1656	炸
1657	烁
1658	炮
1659	炫
1660	烂
1661	剃
1662	洼
1663	洁
1664	洪
1665	洒
1666	柒
1667	浇
1668	浊
1669	洞
1670	测
1671	洗
1672	活
1673	派
1674	洽
1675	染
1676	洛
1677	浏
1678	济
1679	洋
1680	洲
1681	浑
1682	浓
1683	津
1684	恃
1685	恒
1686	恢
1687	恍
1688	恬
1689	恤
1690	恰
1691	恼
1692	恨
1693	举
1694	觉
1695	宣
1696	宦
1697	室
1698	宫
1699	宪
1700	突
1701	穿
1702	窃
1703	客
1704	诫
1705	冠
1706	诬
1707	语
1708	扁
1709	袄
1710	祖
1711	神
1712	祝
1713	祠
1714	误
1715	诱
1716	诲
1717	说
1718	诵
1719	垦
1720	退
1721	既
1722	屋
1723	昼
1724	屏
1725	屎
1726	费
1727	陡
1728	逊
1729	眉
1730	孩
1731	陨
1732	除
1733	险
1734	院
1735	娃
1736	姥
1737	姨
1738	姻
1739	娇
1740	姚
1741	娜
1742	怒
1743	架
1744	贺
1745	盈
1746	勇
1747	怠
1748	癸
1749	蚤
1750	柔
1751	垒
1752	绑
1753	绒
1754	结
1755	绕
1756	骄
1757	绘
1758	给
1759	绚
1760	骆
1761	络
1762	绝
1763	绞
1764	骇
1765	统
1766	耕
1767	耘
1768	耗
1769	耙
1770	艳
1771	泰
1772	秦
1773	珠
1774	班
1775	素
1776	匿
1777	蚕
1778	顽
1779	盏
1780	匪
1781	捞
1782	栽
1783	捕
1784	埂
1785	捂
1786	振
1787	载
1788	赶
1789	起
1790	盐
1791	捎
1792	捍
1793	捏
1794	埋
1795	捉
1796	捆
1797	捐
1798	损
1799	袁
1800	捌
1801	都
1802	哲
1803	逝
1804	捡
1805	挫
1806	换
1807	挽
1808	挚
1809	热
1810	恐
1811	捣
1812	壶
1813	捅
1814	埃
1815	挨
1816	耻
1817	耿
1818	耽
1819	聂
1820	恭
1821	莽
1822	莱
1823	莲
1824	莫
1825	莉
1826	荷
1827	获
1828	晋
1829	恶
1830	莹
1831	莺
1832	真
1833	框
1834	梆
1835	桂
1836	桔
1837	栖
1838	档
1839	桐
1840	株
1841	桥
1842	桦
1843	栓
1844	桃
1845	格
1846	桩
1847	校
1848	核
1849	样
1850	根
1851	索
1852	哥
1853	速
1854	逗
1855	栗
1856	贾
1857	酌
1858	配
1859	翅
1860	辱
1861	唇
1862	夏
1863	砸
1864	砰
1865	砾
1866	础
1867	破
1868	原
1869	套
1870	逐
1871	烈
1872	殊
1873	殉
1874	顾
1875	轿
1876	较
1877	顿
1878	毙
1879	致
1880	柴
1881	桌
1882	虑
1883	监
1884	紧
1885	党
1886	逞
1887	晒
1888	眠
1889	晓
1890	哮
1891	唠
1892	鸭
1893	晃
1894	哺
1895	晌
1896	剔
1897	晕
1898	蚌
1899	畔
1900	蚣
1901	蚊
1902	蚪
1903	蚓
1904	哨
1905	哩
1906	圃
1907	哭
1908	哦
1909	恩
1910	鸯
1911	唤
1912	唁
1913	哼
1914	唧
1915	啊
1916	唉
1917	唆
1918	罢
1919	峭
1920	峨
1921	峰
1922	圆
1923	峻
1924	贼
1925	贿
1926	赂
1927	赃
1928	钱
1929	钳
1930	钻
1931	钾
1932	铁
1933	铃
1934	铅
1935	缺
1936	氧
1937	氨
1938	特
1939	牺
1940	造
1941	乘
1942	敌
1943	秤
1944	租
1945	积
1946	秧
1947	秩
1948	称
1949	秘
1950	透
1951	笔
1952	笑
1953	笋
1954	债
1955	借
1956	值
1957	倚
1958	俺
1959	倾
1960	倒
1961	倘
1962	俱
1963	倡
1964	候
1965	赁
1966	俯
1967	倍
1968	倦
1969	健
1970	臭
1971	射
1972	躬
1973	息
1974	倔
1975	徒
1976	徐
1977	殷
1978	舰
1979	舱
1980	般
1981	航
1982	途
1983	拿
1984	耸
1985	爹
1986	舀
1987	爱
1988	豺
1989	豹
1990	颁
1991	颂
1992	翁
1993	胰
1994	脆
1995	脂
1996	胸
1997	胳
1998	脏
1999	脐
2000	胶
2001	脑
2002	脓
2003	逛
2004	狸
2005	狼
2006	卿
2007	逢
2008	鸵
2009	留
2010	鸳
2011	皱
2012	饿
2013	馁
2014	凌
2015	凄
2016	恋
2017	桨
2018	浆
2019	衰
2020	衷
2021	高
2022	郭
2023	席
2024	准
2025	座
2026	症
2027	病
2028	疾
2029	斋
2030	疹
2031	疼
2032	疲
2033	脊
2034	效
2035	离
2036	紊
2037	唐
2038	瓷
2039	资
2040	凉
2041	站
2042	剖
2043	竞
2044	部
2045	旁
2046	旅
2047	畜
2048	阅
2049	羞
2050	羔
2051	瓶
2052	拳
2053	粉
2054	料
2055	益
2056	兼
2057	烤
2058	烘
2059	烦
2060	烧
2061	烛
2062	烟
2063	烙
2064	递
2065	涛
2066	浙
2067	涝
2068	浦
2069	酒
2070	涉
2071	消
2072	涡
2073	浩
2074	海
2075	涂
2076	浴
2077	浮
2078	涣
2079	涤
2080	流
2081	润
2082	涧
2083	涕
2084	浪
2085	浸
2086	涨
2087	烫
2088	涩
2089	涌
2090	悖
2091	悟
2092	悄
2093	悍
2094	悔
2095	悯
2096	悦
2097	害
2098	宽
2099	家
2100	宵
2101	宴
2102	宾
2103	窍
2104	窄
2105	容
2106	宰
2107	案
2108	请
2109	朗
2110	诸
2111	诺
2112	读
2113	扇
2114	诽
2115	袜
2116	袖
2117	袍
2118	被
2119	祥
2120	课
2121	冥
2122	谁
2123	调
2124	冤
2125	谅
2126	谆
2127	谈
2128	谊
2129	剥
2130	恳
2131	展
2132	剧
2133	屑
2134	弱
2135	陵
2136	祟
2137	陶
2138	陷
2139	陪
2140	娱
2141	娟
2142	恕
2143	娥
2144	娘
2145	通
2146	能
2147	难
2148	预
2149	桑
2150	绢
2151	绣
2152	验
2153	继
2154	骏
2155	球
2156	琐
2157	理
2158	琉
2159	琅
2160	捧
2161	堵
2162	措
2163	描
2164	域
2165	捺
2166	掩
2167	捷
2168	排
2169	焉
2170	掉
2171	捶
2172	赦
2173	堆
2174	推
2175	埠
2176	掀
2177	授
2178	捻
2179	教
2180	掏
2181	掐
2182	掠
2183	掂
2184	培
2185	接
2186	掷
2187	控
2188	探
2189	据
2190	掘
2191	掺
2192	职
2193	基
2194	聆
2195	勘
2196	聊
2197	娶
2198	著
2199	菱
2200	勒
2201	黄
2202	菲
2203	萌
2204	萝
2205	菌
2206	萎
2207	菜
2208	萄
2209	菊
2210	菩
2211	萍
2212	菠
2213	萤
2214	营
2215	乾
2216	萧
2217	萨
2218	菇
2219	械
2220	彬
2221	梦
2222	婪
2223	梗
2224	梧
2225	梢
2226	梅
2227	检
2228	梳
2229	梯
2230	桶
2231	梭
2232	救
2233	曹
2234	副
2235	票
2236	酝
2237	酗
2238	厢
2239	戚
2240	硅
2241	硕
2242	奢
2243	盔
2244	爽
2245	聋
2246	袭
2247	盛
2248	匾
2249	雪
2250	辅
2251	辆
2252	颅
2253	虚
2254	彪
2255	雀
2256	堂
2257	常
2258	眶
2259	匙
2260	晨
2261	睁
2262	眯
2263	眼
2264	悬
2265	野
2266	啪
2267	啦
2268	曼
2269	晦
2270	晚
2271	啄
2272	啡
2273	距
2274	趾
2275	啃
2276	跃
2277	略
2278	蚯
2279	蛀
2280	蛇
2281	唬
2282	累
2283	鄂
2284	唱
2285	患
2286	啰
2287	唾
2288	唯
2289	啤
2290	啥
2291	啸
2292	崖
2293	崎
2294	崭
2295	逻
2296	崔
2297	帷
2298	崩
2299	崇
2300	崛
2301	婴
2302	圈
2303	铐
2304	铛
2305	铝
2306	铜
2307	铭
2308	铲
2309	银
2310	矫
2311	甜
2312	秸
2313	梨
2314	犁
2315	秽
2316	移
2317	笨
2318	笼
2319	笛
2320	笙
2321	符
2322	第
2323	敏
2324	做
2325	袋
2326	悠
2327	偿
2328	偶
2329	偎
2330	偷
2331	您
2332	售
2333	停
2334	偏
2335	躯
2336	兜
2337	假
2338	衅
2339	徘
2340	徙
2341	得
2342	衔
2343	盘
2344	舶
2345	船
2346	舵
2347	斜
2348	盒
2349	鸽
2350	敛
2351	悉
2352	欲
2353	彩
2354	领
2355	脚
2356	脖
2357	脯
2358	豚
2359	脸
2360	脱
2361	象
2362	够
2363	逸
2364	猜
2365	猪
2366	猎
2367	猫
2368	凰
2369	猖
2370	猛
2371	祭
2372	馅
2373	馆
2374	凑
2375	减
2376	毫
2377	烹
2378	庶
2379	麻
2380	庵
2381	痊
2382	痒
2383	痕
2384	廊
2385	康
2386	庸
2387	鹿
2388	盗
2389	章
2390	竟
2391	商
2392	族
2393	旋
2394	望
2395	率
2396	阎
2397	阐
2398	着
2399	羚
2400	盖
2401	眷
2402	粘
2403	粗
2404	粒
2405	断
2406	剪
2407	兽
2408	焊
2409	焕
2410	清
2411	添
2412	鸿
2413	淋
2414	涯
2415	淹
2416	渠
2417	渐
2418	淑
2419	淌
2420	混
2421	淮
2422	淆
2423	渊
2424	淫
2425	渔
2426	淘
2427	淳
2428	液
2429	淤
2430	淡
2431	淀
2432	深
2433	涮
2434	涵
2435	婆
2436	梁
2437	渗
2438	情
2439	惜
2440	惭
2441	悼
2442	惧
2443	惕
2444	惟
2445	惊
2446	惦
2447	悴
2448	惋
2449	惨
2450	惯
2451	寇
2452	寅
2453	寄
2454	寂
2455	宿
2456	窒
2457	窑
2458	密
2459	谋
2460	谍
2461	谎
2462	谐
2463	袱
2464	祷
2465	祸
2466	谓
2467	谚
2468	谜
2469	逮
2470	敢
2471	尉
2472	屠
2473	弹
2474	隋
2475	堕
2476	随
2477	蛋
2478	隅
2479	隆
2480	隐
2481	婚
2482	婶
2483	婉
2484	颇
2485	颈
2486	绩
2487	绪
2488	续
2489	骑
2490	绰
2491	绳
2492	维
2493	绵
2494	绷
2495	绸
2496	综
2497	绽
2498	绿
2499	缀
2500	巢
2501	琴
2502	琳
2503	琢
2504	琼
2505	斑
2506	替
2507	揍
2508	款
2509	堪
2510	塔
2511	搭
2512	堰
2513	揩
2514	越
2515	趁
2516	趋
2517	超
2518	揽
2519	堤
2520	提
2521	博
2522	揭
2523	喜
2524	彭
2525	揣
2526	插
2527	揪
2528	搜
2529	煮
2530	援
2531	搀
2532	裁
2533	搁
2534	搓
2535	搂
2536	搅
2537	壹
2538	握
2539	搔
2540	揉
2541	斯
2542	期
2543	欺
2544	联
2545	葫
2546	散
2547	惹
2548	葬
2549	募
2550	葛
2551	董
2552	葡
2553	敬
2554	葱
2555	蒋
2556	蒂
2557	落
2558	韩
2559	朝
2560	辜
2561	葵
2562	棒
2563	棱
2564	棋
2565	椰
2566	植
2567	森
2568	焚
2569	椅
2570	椒
2571	棵
2572	棍
2573	椎
2574	棉
2575	棚
2576	棕
2577	棺
2578	榔
2579	椭
2580	惠
2581	惑
2582	逼
2583	粟
2584	棘
2585	酣
2586	酥
2587	厨
2588	厦
2589	硬
2590	硝
2591	确
2592	硫
2593	雁
2594	殖
2595	裂
2596	雄
2597	颊
2598	雳
2599	暂
2600	雅
2601	翘
2602	辈
2603	悲
2604	紫
2605	凿
2606	辉
2607	敞
2608	棠
2609	赏
2610	掌
2611	晴
2612	睐
2613	暑
2614	最
2615	晰
2616	量
2617	鼎
2618	喷
2619	喳
2620	晶
2621	喇
2622	遇
2623	喊
2624	遏
2625	晾
2626	景
2627	畴
2628	践
2629	跋
2630	跌
2631	跑
2632	跛
2633	遗
2634	蛙
2635	蛛
2636	蜓
2637	蜒
2638	蛤
2639	喝
2640	鹃
2641	喂
2642	喘
2643	喉
2644	喻
2645	啼
2646	喧
2647	嵌
2648	幅
2649	帽
2650	赋
2651	赌
2652	赎
2653	赐
2654	赔
2655	黑
2656	铸
2657	铺
2658	链
2659	销
2660	锁
2661	锄
2662	锅
2663	锈
2664	锋
2665	锌
2666	锐
2667	甥
2668	掰
2669	短
2670	智
2671	氮
2672	毯
2673	氯
2674	鹅
2675	剩
2676	稍
2677	程
2678	稀
2679	税
2680	筐
2681	等
2682	筑
2683	策
2684	筛
2685	筒
2686	筏
2687	答
2688	筋
2689	筝
2690	傲
2691	傅
2692	牌
2693	堡
2694	集
2695	焦
2696	傍
2697	储
2698	皓
2699	皖
2700	粤
2701	奥
2702	街
2703	惩
2704	御
2705	循
2706	艇
2707	舒
2708	逾
2709	番
2710	释
2711	禽
2712	腊
2713	脾
2714	腋
2715	腔
2716	腕
2717	鲁
2718	猩
2719	猬
2720	猾
2721	猴
2722	惫
2723	然
2724	馈
2725	馋
2726	装
2727	蛮
2728	就
2729	敦
2730	斌
2731	痘
2732	痢
2733	痪
2734	痛
2735	童
2736	竣
2737	阔
2738	善
2739	翔
2740	羡
2741	普
2742	粪
2743	尊
2744	奠
2745	道
2746	遂
2747	曾
2748	焰
2749	港
2750	滞
2751	湖
2752	湘
2753	渣
2754	渤
2755	渺
2756	湿
2757	温
2758	渴
2759	溃
2760	溅
2761	滑
2762	湃
2763	渝
2764	湾
2765	渡
2766	游
2767	滋
2768	渲
2769	溉
2770	愤
2771	慌
2772	惰
2773	愕
2774	愣
2775	惶
2776	愧
2777	愉
2778	慨
2779	割
2780	寒
2781	富
2782	寓
2783	窜
2784	窝
2785	窖
2786	窗
2787	窘
2788	遍
2789	雇
2790	裕
2791	裤
2792	裙
2793	禅
2794	禄
2795	谢
2796	谣
2797	谤
2798	谦
2799	犀
2800	属
2801	屡
2802	强
2803	粥
2804	疏
2805	隔
2806	隙
2807	隘
2808	媒
2809	絮
2810	嫂
2811	媚
2812	婿
2813	登
2814	缅
2815	缆
2816	缉
2817	缎
2818	缓
2819	缔
2820	缕
2821	骗
2822	编
2823	骚
2824	缘
2825	瑟
2826	鹉
2827	瑞
2828	瑰
2829	瑙
2830	魂
2831	肆
2832	摄
2833	摸
2834	填
2835	搏
2836	塌
2837	鼓
2838	摆
2839	携
2840	搬
2841	摇
2842	搞
2843	塘
2844	摊
2845	聘
2846	斟
2847	蒜
2848	勤
2849	靴
2850	靶
2851	鹊
2852	蓝
2853	墓
2854	幕
2855	蓬
2856	蓄
2857	蒲
2858	蓉
2859	蒙
2860	蒸
2861	献
2862	椿
2863	禁
2864	楚
2865	楷
2866	榄
2867	想
2868	槐
2869	榆
2870	楼
2871	概
2872	赖
2873	酪
2874	酬
2875	感
2876	碍
2877	碘
2878	碑
2879	碎
2880	碰
2881	碗
2882	碌
2883	尴
2884	雷
2885	零
2886	雾
2887	雹
2888	辐
2889	辑
2890	输
2891	督
2892	频
2893	龄
2894	鉴
2895	睛
2896	睹
2897	睦
2898	瞄
2899	睫
2900	睡
2901	睬
2902	嗜
2903	鄙
2904	嗦
2905	愚
2906	暖
2907	盟
2908	歇
2909	暗
2910	暇
2911	照
2912	畸
2913	跨
2914	跷
2915	跳
2916	跺
2917	跪
2918	路
2919	跤
2920	跟
2921	遣
2922	蜈
2923	蜗
2924	蛾
2925	蜂
2926	蜕
2927	嗅
2928	嗡
2929	嗓
2930	署
2931	置
2932	罪
2933	罩
2934	蜀
2935	幌
2936	错
2937	锚
2938	锡
2939	锣
2940	锤
2941	锥
2942	锦
2943	键
2944	锯
2945	锰
2946	矮
2947	辞
2948	稚
2949	稠
2950	颓
2951	愁
2952	筹
2953	签
2954	简
2955	筷
2956	毁
2957	舅
2958	鼠
2959	催
2960	傻
2961	像
2962	躲
2963	魁
2964	衙
2965	微
2966	愈
2967	遥
2968	腻
2969	腰
2970	腥
2971	腮
2972	腹
2973	腺
2974	鹏
2975	腾
2976	腿
2977	鲍
2978	猿
2979	颖
2980	触
2981	解
2982	煞
2983	雏
2984	馍
2985	馏
2986	酱
2987	禀
2988	痹
2989	廓
2990	痴
2991	痰
2992	廉
2993	靖
2994	新
2995	韵
2996	意
2997	誊
2998	粮
2999	数
3000	煎
3001	塑
3002	慈
3003	煤
3004	煌
3005	满
3006	漠
3007	滇
3008	源
3009	滤
3010	滥
3011	滔
3012	溪
3013	溜
3014	漓
3015	滚
3016	溢
3017	溯
3018	滨
3019	溶
3020	溺
3021	粱
3022	滩
3023	慎
3024	誉
3025	塞
3026	寞
3027	窥
3028	窟
3029	寝
3030	谨
3031	褂
3032	裸
3033	福
3034	谬
3035	群
3036	殿
3037	辟
3038	障
3039	媳
3040	嫉
3041	嫌
3042	嫁
3043	叠
3044	缚
3045	缝
3046	缠
3047	缤
3048	剿
3049	静
3050	碧
3051	璃
3052	赘
3053	熬
3054	墙
3055	墟
3056	嘉
3057	摧
3058	赫
3059	截
3060	誓
3061	境
3062	摘
3063	摔
3064	撇
3065	聚
3066	慕
3067	暮
3068	摹
3069	蔓
3070	蔑
3071	蔡
3072	蔗
3073	蔽
3074	蔼
3075	熙
3076	蔚
3077	兢
3078	模
3079	槛
3080	榴
3081	榜
3082	榨
3083	榕
3084	歌
3085	遭
3086	酵
3087	酷
3088	酿
3089	酸
3090	碟
3091	碱
3092	碳
3093	磁
3094	愿
3095	需
3096	辖
3097	辗
3098	雌
3099	裳
3100	颗
3101	瞅
3102	墅
3103	嗽
3104	踊
3105	蜻
3106	蜡
3107	蝇
3108	蜘
3109	蝉
3110	嘛
3111	嘀
3112	赚
3113	锹
3114	锻
3115	镀
3116	舞
3117	舔
3118	稳
3119	熏
3120	箕
3121	算
3122	箩
3123	管
3124	箫
3125	舆
3126	僚
3127	僧
3128	鼻
3129	魄
3130	魅
3131	貌
3132	膜
3133	膊
3134	膀
3135	鲜
3136	疑
3137	孵
3138	馒
3139	裹
3140	敲
3141	豪
3142	膏
3143	遮
3144	腐
3145	瘩
3146	瘟
3147	瘦
3148	辣
3149	彰
3150	竭
3151	端
3152	旗
3153	精
3154	粹
3155	歉
3156	弊
3157	熄
3158	熔
3159	煽
3160	潇
3161	漆
3162	漱
3163	漂
3164	漫
3165	滴
3166	漾
3167	演
3168	漏
3169	慢
3170	慷
3171	寨
3172	赛
3173	寡
3174	察
3175	蜜
3176	寥
3177	谭
3178	肇
3179	褐
3180	褪
3181	谱
3182	隧
3183	嫩
3184	翠
3185	熊
3186	凳
3187	骡
3188	缩
3189	慧
3190	撵
3191	撕
3192	撒
3193	撩
3194	趣
3195	趟
3196	撑
3197	撮
3198	撬
3199	播
3200	擒
3201	墩
3202	撞
3203	撤
3204	增
3205	撰
3206	聪
3207	鞋
3208	鞍
3209	蕉
3210	蕊
3211	蔬
3212	蕴
3213	横
3214	槽
3215	樱
3216	橡
3217	樟
3218	橄
3219	敷
3220	豌
3221	飘
3222	醋
3223	醇
3224	醉
3225	磕
3226	磊
3227	磅
3228	碾
3229	震
3230	霄
3231	霉
3232	瞒
3233	题
3234	暴
3235	瞎
3236	嘻
3237	嘶
3238	嘲
3239	嘹
3240	影
3241	踢
3242	踏
3243	踩
3244	踪
3245	蝶
3246	蝴
3247	蝠
3248	蝎
3249	蝌
3250	蝗
3251	蝙
3252	嘿
3253	嘱
3254	幢
3255	墨
3256	镇
3257	镐
3258	镑
3259	靠
3260	稽
3261	稻
3262	黎
3263	稿
3264	稼
3265	箱
3266	篓
3267	箭
3268	篇
3269	僵
3270	躺
3271	僻
3272	德
3273	艘
3274	膝
3275	膛
3276	鲤
3277	鲫
3278	熟
3279	摩
3280	褒
3281	瘪
3282	瘤
3283	瘫
3284	凛
3285	颜
3286	毅
3287	糊
3288	遵
3289	憋
3290	潜
3291	澎
3292	潮
3293	潭
3294	鲨
3295	澳
3296	潘
3297	澈
3298	澜
3299	澄
3300	懂
3301	憔
3302	懊
3303	憎
3304	额
3305	翩
3306	褥
3307	谴
3308	鹤
3309	憨
3310	慰
3311	劈
3312	履
3313	豫
3314	缭
3315	撼
3316	擂
3317	操
3318	擅
3319	燕
3320	蕾
3321	薯
3322	薛
3323	薇
3324	擎
3325	薪
3326	薄
3327	颠
3328	翰
3329	噩
3330	橱
3331	橙
3332	橘
3333	整
3334	融
3335	瓢
3336	醒
3337	霍
3338	霎
3339	辙
3340	冀
3341	餐
3342	嘴
3343	踱
3344	蹄
3345	蹂
3346	蟆
3347	螃
3348	器
3349	噪
3350	鹦
3351	赠
3352	默
3353	黔
3354	镜
3355	赞
3356	穆
3357	篮
3358	篡
3359	篷
3360	篱
3361	儒
3362	邀
3363	衡
3364	膨
3365	雕
3366	鲸
3367	磨
3368	瘾
3369	瘸
3370	凝
3371	辨
3372	辩
3373	糙
3374	糖
3375	糕
3376	燃
3377	濒
3378	澡
3379	激
3380	懒
3381	憾
3382	懈
3383	窿
3384	壁
3385	避
3386	缰
3387	缴
3388	戴
3389	擦
3390	藉
3391	鞠
3392	藏
3393	藐
3394	檬
3395	檐
3396	檀
3397	礁
3398	磷
3399	霜
3400	霞
3401	瞭
3402	瞧
3403	瞬
3404	瞳
3405	瞩
3406	瞪
3407	曙
3408	蹋
3409	蹈
3410	螺
3411	蟋
3412	蟀
3413	嚎
3414	赡
3415	穗
3416	魏
3417	簧
3418	簇
3419	繁
3420	徽
3421	爵
3422	朦
3423	臊
3424	鳄
3425	癌
3426	辫
3427	赢
3428	糟
3429	糠
3430	燥
3431	懦
3432	豁
3433	臀
3434	臂
3435	翼
3436	骤
3437	藕
3438	鞭
3439	藤
3440	覆
3441	瞻
3442	蹦
3443	嚣
3444	镰
3445	翻
3446	鳍
3447	鹰
3448	瀑
3449	襟
3450	璧
3451	戳
3452	孽
3453	警
3454	蘑
3455	藻
3456	攀
3457	曝
3458	蹲
3459	蹭
3460	蹬
3461	巅
3462	簸
3463	簿
3464	蟹
3465	颤
3466	靡
3467	癣
3468	瓣
3469	羹
3470	鳖
3471	爆
3472	疆
3473	鬓
3474	壤
3475	馨
3476	耀
3477	躁
3478	蠕
3479	嚼
3480	嚷
3481	巍
3482	籍
3483	鳞
3484	魔
3485	糯
3486	灌
3487	譬
3488	蠢
3489	霸
3490	露
3491	霹
3492	躏
3493	黯
3494	髓
3495	赣
3496	囊
3497	镶
3498	瓤
3499	罐
3500	矗
3501	乂
3502	乜
3503	兀
3504	弋
3505	孑
3506	孓
3507	幺
3508	亓
3509	韦
3510	廿
3511	丏
3512	卅
3513	仄
3514	厄
3515	仃
3516	仉
3517	仂
3518	兮
3519	刈
3520	爻
3521	卞
3522	闩
3523	讣
3524	尹
3525	夬
3526	爿
3527	毋
3528	邗
3529	邛
3530	艽
3531	艿
3532	札
3533	叵
3534	匝
3535	丕
3536	匜
3537	劢
3538	卟
3539	叱
3540	叻
3541	仨
3542	仕
3543	仟
3544	仡
3545	仫
3546	仞
3547	卮
3548	氐
3549	犰
3550	刍
3551	邝
3552	邙
3553	汀
3554	讦
3555	讧
3556	讪
3557	讫
3558	尻
3559	阡
3560	尕
3561	弁
3562	驭
3563	匡
3564	耒
3565	玎
3566	玑
3567	邢
3568	圩
3569	圬
3570	圭
3571	扦
3572	圪
3573	圳
3574	圹
3575	扪
3576	圮
3577	圯
3578	芊
3579	芍
3580	芄
3581	芨
3582	芑
3583	芎
3584	芗
3585	亘
3586	厍
3587	夼
3588	戍
3589	尥
3590	乩
3591	旯
3592	曳
3593	岌
3594	屺
3595	凼
3596	囡
3597	钇
3598	缶
3599	氘
3600	氖
3601	牝
3602	伎
3603	伛
3604	伢
3605	佤
3606	仵
3607	伥
3608	伧
3609	伉
3610	伫
3611	囟
3612	氽
3613	汆
3614	刖
3615	夙
3616	旮
3617	刎
3618	犷
3619	犸
3620	舛
3621	凫
3622	邬
3623	汕
3624	汔
3625	汐
3626	汲
3627	汜
3628	汊
3629	忖
3630	忏
3631	讴
3632	讵
3633	祁
3634	讷
3635	聿
3636	艮
3637	厾
3638	阱
3639	阮
3640	阪
3641	丞
3642	妁
3643	牟
3644	纡
3645	纣
3646	纥
3647	纨
3648	玕
3649	玙
3650	抟
3651	抔
3652	扽
3653	圻
3654	坂
3655	坍
3656	坞
3657	抃
3658	抉
3659	芫
3660	邯
3661	芸
3662	芾
3663	苈
3664	苣
3665	芷
3666	芮
3667	苋
3668	芼
3669	苌
3670	苁
3671	芩
3672	芪
3673	芡
3674	芟
3675	苄
3676	苎
3677	苡
3678	杌
3679	杓
3680	杞
3681	杈
3682	忑
3683	孛
3684	邴
3685	邳
3686	矶
3687	奁
3688	豕
3689	忒
3690	欤
3691	轫
3692	迓
3693	邶
3694	忐
3695	卣
3696	邺
3697	旰
3698	呋
3699	呒
3700	呓
3701	呔
3702	呖
3703	呃
3704	旸
3705	吡
3706	町
3707	虬
3708	呗
3709	吽
3710	吣
3711	吲
3712	帏
3713	岐
3714	岈
3715	岘
3716	岑
3717	岚
3718	兕
3719	囵
3720	囫
3721	钊
3722	钋
3723	钌
3724	迕
3725	氙
3726	氚
3727	牤
3728	佞
3729	邱
3730	攸
3731	佚
3732	佝
3733	佟
3734	佗
3735	伽
3736	彷
3737	佘
3738	佥
3739	孚
3740	豸
3741	坌
3742	肟
3743	邸
3744	奂
3745	劬
3746	狄
3747	狁
3748	鸠
3749	邹
3750	饨
3751	饩
3752	饪
3753	饫
3754	饬
3755	亨
3756	庑
3757	庋
3758	疔
3759	疖
3760	肓
3761	闱
3762	闳
3763	闵
3764	羌
3765	炀
3766	沣
3767	沅
3768	沔
3769	沤
3770	沌
3771	沏
3772	沚
3773	汩
3774	汨
3775	沂
3776	汾
3777	沨
3778	汴
3779	汶
3780	沆
3781	沩
3782	泐
3783	怃
3784	怄
3785	忡
3786	忤
3787	忾
3788	怅
3789	忻
3790	忪
3791	怆
3792	忭
3793	忸
3794	诂
3795	诃
3796	诅
3797	诋
3798	诌
3799	诏
3800	诒
3801	孜
3802	陇
3803	陀
3804	陂
3805	陉
3806	妍
3807	妩
3808	妪
3809	妣
3810	妊
3811	妗
3812	妫
3813	妞
3814	姒
3815	妤
3816	邵
3817	劭
3818	刭
3819	甬
3820	邰
3821	纭
3822	纰
3823	纴
3824	纶
3825	纾
3826	玮
3827	玡
3828	玭
3829	玠
3830	玢
3831	玥
3832	玦
3833	盂
3834	忝
3835	匦
3836	坩
3837	抨
3838	拤
3839	拈
3840	垆
3841	抻
3842	劼
3843	拃
3844	拊
3845	坼
3846	坻
3847	坨
3848	坭
3849	抿
3850	坳
3851	耶
3852	苷
3853	苯
3854	苤
3855	茏
3856	苫
3857	苜
3858	苴
3859	苒
3860	苘
3861	茌
3862	苻
3863	苓
3864	茚
3865	茆
3866	茑
3867	茓
3868	茔
3869	茕
3870	茀
3871	苕
3872	枥
3873	枇
3874	杪
3875	杳
3876	枧
3877	杵
3878	枨
3879	枞
3880	枋
3881	杻
3882	杷
3883	杼
3884	矸
3885	砀
3886	刳
3887	奄
3888	瓯
3889	殁
3890	郏
3891	轭
3892	郅
3893	鸢
3894	盱
3895	昊
3896	昙
3897	杲
3898	昃
3899	咂
3900	呸
3901	昕
3902	昀
3903	旻
3904	昉
3905	炅
3906	咔
3907	畀
3908	虮
3909	咀
3910	呷
3911	黾
3912	呱
3913	呤
3914	咚
3915	咆
3916	咛
3917	呶
3918	呣
3919	呦
3920	咝
3921	岢
3922	岿
3923	岬
3924	岫
3925	帙
3926	岣
3927	峁
3928	刿
3929	迥
3930	岷
3931	剀
3932	帔
3933	峄
3934	沓
3935	囹
3936	罔
3937	钍
3938	钎
3939	钏
3940	钒
3941	钕
3942	钗
3943	邾
3944	迮
3945	牦
3946	竺
3947	迤
3948	佶
3949	佬
3950	佰
3951	侑
3952	侉
3953	臾
3954	岱
3955	侗
3956	侃
3957	侏
3958	侩
3959	佻
3960	佾
3961	侪
3962	佼
3963	佯
3964	侬
3965	帛
3966	阜
3967	侔
3968	徂
3969	舠
3970	刽
3971	郄
3972	怂
3973	籴
3974	瓮
3975	戗
3976	肼
3977	䏝
3978	肽
3979	肱
3980	肫
3981	剁
3982	迩
3983	郇
3984	狙
3985	狎
3986	狍
3987	狒
3988	咎
3989	炙
3990	枭
3991	饯
3992	饴
3993	冽
3994	冼
3995	庖
3996	疠
3997	疝
3998	疡
3999	兖
4000	妾
4001	劾
4002	炜
4003	熰
4004	炖
4005	炘
4006	炝
4007	炔
4008	泔
4009	沭
4010	泷
4011	泸
4012	泱
4013	泅
4014	泗
4015	泠
4016	泺
4017	泖
4018	泫
4019	泮
4020	沱
4021	泯
4022	泓
4023	泾
4024	怙
4025	怵
4026	怦
4027	怛
4028	怏
4029	怍
4030	㤘
4031	怩
4032	怫
4033	怿
4034	宕
4035	穹
4036	宓
4037	诓
4038	诔
4039	诖
4040	诘
4041	戾
4042	诙
4043	戽
4044	郓
4045	衩
4046	祆
4047	祎
4048	祉
4049	祇
4050	祊
4051	诛
4052	诜
4053	诟
4054	诠
4055	诣
4056	诤
4057	诧
4058	诨
4059	诩
4060	戕
4061	孢
4062	亟
4063	陔
4064	妲
4065	妯
4066	姗
4067	帑
4068	弩
4069	孥
4070	驽
4071	虱
4072	迦
4073	迨
4074	绀
4075	绁
4076	绂
4077	驷
4078	驸
4079	绉
4080	绌
4081	驿
4082	骀
4083	甾
4084	珏
4085	珐
4086	珂
4087	珑
4088	玳
4089	珀
4090	顸
4091	珉
4092	珈
4093	拮
4094	垭
4095	挝
4096	垣
4097	挞
4098	垤
4099	赳
4100	贲
4101	垱
4102	垌
4103	挢
4104	郝
4105	垧
4106	垓
4107	挦
4108	垠
4109	茜
4110	荚
4111	荑
4112	贳
4113	荜
4114	莒
4115	茼
4116	茴
4117	茱
4118	莛
4119	荞
4120	茯
4121	荏
4122	荇
4123	荃
4124	荟
4125	荀
4126	茗
4127	荠
4128	茭
4129	茨
4130	垩
4131	荥
4132	荦
4133	荨
4134	荩
4135	剋
4136	荪
4137	茹
4138	荬
4139	柰
4140	栉
4141	柯
4142	柘
4143	栊
4144	柩
4145	枰
4146	栌
4147	柙
4148	枵
4149	柚
4150	枳
4151	柞
4152	柝
4153	栀
4154	柢
4155	栎
4156	枸
4157	柈
4158	柁
4159	枷
4160	柽
4161	剌
4162	酊
4163	郦
4164	甭
4165	砗
4166	砘
4167	砒
4168	斫
4169	砭
4170	砜
4171	奎
4172	耷
4173	虺
4174	殂
4175	殇
4176	殄
4177	殆
4178	轱
4179	轲
4180	轳
4181	轶
4182	轸
4183	虿
4184	毖
4185	觇
4186	尜
4187	哐
4188	眄
4189	眍
4190	𠳐
4191	郢
4192	眇
4193	眊
4194	眈
4195	禺
4196	哂
4197	咴
4198	曷
4199	昴
4200	昱
4201	昵
4202	咦
4203	哓
4204	哔
4205	畎
4206	毗
4207	呲
4208	胄
4209	畋
4210	畈
4211	虼
4212	虻
4213	盅
4214	咣
4215	哕
4216	剐
4217	郧
4218	咻
4219	囿
4220	咿
4221	哌
4222	哙
4223	哚
4224	咯
4225	咩
4226	咤
4227	哝
4228	哏
4229	哞
4230	峙
4231	峣
4232	罘
4233	帧
4234	峒
4235	峤
4236	峋
4237	峥
4238	贶
4239	钚
4240	钛
4241	钡
4242	钣
4243	钤
4244	钨
4245	钫
4246	钯
4247	氡
4248	氟
4249	牯
4250	郜
4251	秕
4252	秭
4253	竽
4254	笈
4255	笃
4256	俦
4257	俨
4258	俅
4259	俪
4260	叟
4261	垡
4262	牮
4263	俣
4264	俚
4265	皈
4266	俑
4267	俟
4268	逅
4269	徇
4270	徉
4271	舢
4272	俞
4273	郗
4274	俎
4275	郤
4276	爰
4277	郛
4278	瓴
4279	胨
4280	胪
4281	胛
4282	胂
4283	胙
4284	胍
4285	胗
4286	胝
4287	朐
4288	胫
4289	鸨
4290	匍
4291	狨
4292	狯
4293	飑
4294	狩
4295	狲
4296	訇
4297	逄
4298	昝
4299	饷
4300	饸
4301	饹
4302	胤
4303	孪
4304	娈
4305	弈
4306	奕
4307	庥
4308	疬
4309	疣
4310	疥
4311	疭
4312	庠
4313	竑
4314	彦
4315	飒
4316	闼
4317	闾
4318	闿
4319	阂
4320	羑
4321	迸
4322	籼
4323	酋
4324	炳
4325	炻
4326	炽
4327	炯
4328	烀
4329	炷
4330	烃
4331	洱
4332	洹
4333	洧
4334	洌
4335	浃
4336	浈
4337	洇
4338	洄
4339	洙
4340	涎
4341	洎
4342	洫
4343	浍
4344	洮
4345	洵
4346	浒
4347	浔
4348	浕
4349	洳
4350	恸
4351	恓
4352	恹
4353	恫
4354	恺
4355	恻
4356	恂
4357	恪
4358	恽
4359	宥
4360	扃
4361	衲
4362	衽
4363	衿
4364	袂
4365	祛
4366	祜
4367	祓
4368	祚
4369	诮
4370	祗
4371	祢
4372	诰
4373	诳
4374	鸩
4375	昶
4376	郡
4377	咫
4378	弭
4379	牁
4380	胥
4381	陛
4382	陟
4383	娅
4384	姮
4385	娆
4386	姝
4387	姣
4388	姘
4389	姹
4390	怼
4391	羿
4392	炱
4393	矜
4394	绔
4395	骁
4396	骅
4397	绗
4398	绛
4399	骈
4400	耖
4401	挈
4402	珥
4403	珙
4404	顼
4405	珰
4406	珩
4407	珧
4408	珣
4409	珞
4410	琤
4411	珲
4412	敖
4413	恚
4414	埔
4415	埕
4416	埘
4417	埙
4418	埚
4419	挹
4420	耆
4421	耄
4422	埒
4423	捋
4424	贽
4425	垸
4426	捃
4427	盍
4428	荸
4429	莆
4430	莳
4431	莴
4432	莪
4433	莠
4434	莓
4435	莜
4436	莅
4437	荼
4438	莩
4439	荽
4440	莸
4441	荻
4442	莘
4443	莎
4444	莞
4445	䓖
4446	莨
4447	鸪
4448	莼
4449	栲
4450	栳
4451	郴
4452	桓
4453	桡
4454	桎
4455	桢
4456	桤
4457	梃
4458	栝
4459	桕
4460	桁
4461	桧
4462	桅
4463	栟
4464	桉
4465	栩
4466	逑
4467	逋
4468	彧
4469	鬲
4470	豇
4471	酐
4472	逦
4473	厝
4474	孬
4475	砝
4476	砹
4477	砺
4478	砧
4479	砷
4480	砟
4481	砼
4482	砥
4483	砣
4484	剞
4485	砻
4486	轼
4487	轾
4488	辂
4489	鸫
4490	趸
4491	龀
4492	鸬
4493	虔
4494	逍
4495	眬
4496	唛
4497	晟
4498	眩
4499	眙
4500	哧
4501	哽
4502	唔
4503	晁
4504	晏
4505	鸮
4506	趵
4507	趿
4508	畛
4509	蚨
4510	蚜
4511	蚍
4512	蚋
4513	蚬
4514	蚝
4515	蚧
4516	唢
4517	圄
4518	唣
4519	唏
4520	盎
4521	唑
4522	崂
4523	崃
4524	罡
4525	罟
4526	峪
4527	觊
4528	赅
4529	钰
4530	钲
4531	钴
4532	钵
4533	钹
4534	钺
4535	钽
4536	钼
4537	钿
4538	铀
4539	铂
4540	铄
4541	铆
4542	铈
4543	铉
4544	铊
4545	铋
4546	铌
4547	铍
4548	铎
4549	氩
4550	氤
4551	氦
4552	毪
4553	舐
4554	秣
4555	秫
4556	盉
4557	笄
4558	笕
4559	笊
4560	笏
4561	笆
4562	俸
4563	倩
4564	俵
4565	偌
4566	俳
4567	俶
4568	倬
4569	倏
4570	恁
4571	倭
4572	倪
4573	俾
4574	倜
4575	隼
4576	隽
4577	倌
4578	倥
4579	臬
4580	皋
4581	郫
4582	倨
4583	衄
4584	颀
4585	徕
4586	舫
4587	釜
4588	奚
4589	衾
4590	胯
4591	胱
4592	胴
4593	胭
4594	脍
4595	胼
4596	朕
4597	脒
4598	胺
4599	鸱
4600	玺
4601	鸲
4602	狷
4603	猁
4604	狳
4605	猃
4606	狺
4607	逖
4608	桀
4609	袅
4610	饽
4611	凇
4612	栾
4613	挛
4614	亳
4615	疳
4616	疴
4617	疸
4618	疽
4619	痈
4620	疱
4621	痂
4622	痉
4623	衮
4624	凋
4625	颃
4626	恣
4627	旆
4628	旄
4629	旃
4630	阃
4631	阄
4632	訚
4633	阆
4634	恙
4635	粑
4636	朔
4637	郸
4638	烜
4639	烨
4640	烩
4641	烊
4642	剡
4643	郯
4644	烬
4645	涑
4646	浯
4647	涞
4648	涟
4649	娑
4650	涅
4651	涠
4652	浞
4653	涓
4654	浥
4655	涔
4656	浜
4657	浠
4658	浣
4659	浚
4660	悚
4661	悭
4662	悝
4663	悒
4664	悌
4665	悛
4666	宸
4667	窈
4668	剜
4669	诹
4670	冢
4671	诼
4672	袒
4673	袢
4674	祯
4675	诿
4676	谀
4677	谂
4678	谄
4679	谇
4680	屐
4681	屙
4682	陬
4683	勐
4684	奘
4685	牂
4686	蚩
4687	陲
4688	姬
4689	娠
4690	娌
4691	娉
4692	娲
4693	娩
4694	娴
4695	娣
4696	娓
4697	婀
4698	畚
4699	逡
4700	绠
4701	骊
4702	绡
4703	骋
4704	绥
4705	绦
4706	绨
4707	骎
4708	邕
4709	鸶
4710	彗
4711	耜
4712	焘
4713	舂
4714	琏
4715	琇
4716	麸
4717	揶
4718	埴
4719	埯
4720	捯
4721	掳
4722	掴
4723	埸
4724	埵
4725	赧
4726	埤
4727	捭
4728	逵
4729	埝
4730	堋
4731	堍
4732	掬
4733	鸷
4734	掖
4735	捽
4736	掊
4737	堉
4738	掸
4739	捩
4740	掮
4741	悫
4742	埭
4743	埽
4744	掇
4745	掼
4746	聃
4747	菁
4748	萁
4749	菘
4750	堇
4751	萘
4752	萋
4753	菽
4754	菖
4755	萜
4756	萸
4757	萑
4758	棻
4759	菔
4760	菟
4761	萏
4762	萃
4763	菏
4764	菹
4765	菪
4766	菅
4767	菀
4768	萦
4769	菰
4770	菡
4771	梵
4772	梿
4773	梏
4774	觋
4775	桴
4776	桷
4777	梓
4778	棁
4779	桫
4780	棂
4781	啬
4782	郾
4783	匮
4784	敕
4785	豉
4786	鄄
4787	酞
4788	酚
4789	戛
4790	硎
4791	硭
4792	硒
4793	硖
4794	硗
4795	硐
4796	硇
4797	硌
4798	鸸
4799	瓠
4800	匏
4801	厩
4802	龚
4803	殒
4804	殓
4805	殍
4806	赉
4807	雩
4808	辄
4809	堑
4810	眭
4811	眦
4812	啧
4813	晡
4814	晤
4815	眺
4816	眵
4817	眸
4818	圊
4819	喏
4820	喵
4821	啉
4822	勖
4823	晞
4824	唵
4825	晗
4826	冕
4827	啭
4828	畦
4829	趺
4830	啮
4831	跄
4832	蚶
4833	蛄
4834	蛎
4835	蛆
4836	蚰
4837	蛊
4838	圉
4839	蚱
4840	蛉
4841	蛏
4842	蚴
4843	啁
4844	啕
4845	唿
4846	啐
4847	唼
4848	唷
4849	啖
4850	啵
4851	啶
4852	啷
4853	唳
4854	啜
4855	帻
4856	崚
4857	崦
4858	帼
4859	崮
4860	崤
4861	崆
4862	赇
4863	赈
4864	赊
4865	铑
4866	铒
4867	铗
4868	铙
4869	铟
4870	铠
4871	铡
4872	铢
4873	铣
4874	铤
4875	铧
4876	铨
4877	铩
4878	铪
4879	铫
4880	铬
4881	铮
4882	铯
4883	铰
4884	铱
4885	铳
4886	铵
4887	铷
4888	氪
4889	牾
4890	鸹
4891	秾
4892	逶
4893	笺
4894	筇
4895	笸
4896	笪
4897	笮
4898	笠
4899	笥
4900	笤
4901	笳
4902	笾
4903	笞
4904	偾
4905	偃
4906	偕
4907	偈
4908	傀
4909	偬
4910	偻
4911	皑
4912	皎
4913	鸻
4914	徜
4915	舸
4916	舻
4917	舴
4918	舷
4919	龛
4920	翎
4921	脬
4922	脘
4923	脲
4924	匐
4925	猗
4926	猡
4927	猞
4928	猝
4929	斛
4930	猕
4931	馗
4932	馃
4933	馄
4934	鸾
4935	孰
4936	庹
4937	庾
4938	痔
4939	痍
4940	疵
4941	翊
4942	旌
4943	旎
4944	袤
4945	阇
4946	阈
4947	阉
4948	阊
4949	阋
4950	阍
4951	阏
4952	羟
4953	粝
4954	粕
4955	敝
4956	焐
4957	烯
4958	焓
4959	烽
4960	焖
4961	烷
4962	焗
4963	渍
4964	渚
4965	淇
4966	淅
4967	淞
4968	渎
4969	涿
4970	淖
4971	挲
4972	淠
4973	涸
4974	渑
4975	淦
4976	淝
4977	淬
4978	涪
4979	淙
4980	涫
4981	渌
4982	淄
4983	惬
4984	悻
4985	悱
4986	惝
4987	惘
4988	悸
4989	惆
4990	惚
4991	惇
4992	惮
4993	窕
4994	谌
4995	谏
4996	扈
4997	皲
4998	谑
4999	裆
5000	袷
5001	裉
5002	谒
5003	谔
5004	谕
5005	谖
5006	谗
5007	谙
5008	谛
5009	谝
5010	逯
5011	郿
5012	隈
5013	粜
5014	隍
5015	隗
5016	婧
5017	婊
5018	婕
5019	娼
5020	婢
5021	婵
5022	胬
5023	袈
5024	翌
5025	恿
5026	欸
5027	绫
5028	骐
5029	绮
5030	绯
5031	绱
5032	骒
5033	绲
5034	骓
5035	绶
5036	绺
5037	绻
5038	绾
5039	骖
5040	缁
5041	耠
5042	琫
5043	琵
5044	琶
5045	琪
5046	瑛
5047	琦
5048	琥
5049	琨
5050	靓
5051	琰
5052	琮
5053	琯
5054	琬
5055	琛
5056	琚
5057	辇
5058	鼋
5059	揳
5060	堞
5061	搽
5062	揸
5063	揠
5064	堙
5065	趄
5066	揖
5067	颉
5068	塄
5069	揿
5070	耋
5071	揄
5072	蛩
5073	蛰
5074	塆
5075	摒
5076	揆
5077	掾
5078	聒
5079	葑
5080	葚
5081	靰
5082	靸
5083	葳
5084	葺
5085	葸
5086	萼
5087	葆
5088	葩
5089	葶
5090	蒌
5091	萱
5092	戟
5093	葭
5094	楮
5095	棼
5096	椟
5097	棹
5098	椤
5099	棰
5100	赍
5101	椋
5102	椁
5103	椪
5104	棣
5105	椐
5106	鹁
5107	覃
5108	酤
5109	酢
5110	酡
5111	鹂
5112	厥
5113	殚
5114	殛
5115	雯
5116	雱
5117	辊
5118	辋
5119	椠
5120	辍
5121	辎
5122	斐
5123	睄
5124	睑
5125	睇
5126	睃
5127	戢
5128	喋
5129	嗒
5130	喃
5131	喱
5132	喹
5133	晷
5134	喈
5135	跖
5136	跗
5137	跞
5138	跚
5139	跎
5140	跏
5141	跆
5142	蛱
5143	蛲
5144	蛭
5145	蛳
5146	蛐
5147	蛔
5148	蛞
5149	蛴
5150	蛟
5151	蛘
5152	喁
5153	喟
5154	啾
5155	嗖
5156	喑
5157	嗟
5158	喽
5159	嗞
5160	喀
5161	喔
5162	喙
5163	嵘
5164	嵖
5165	崴
5166	遄
5167	詈
5168	嵎
5169	崽
5170	嵬
5171	嵛
5172	嵯
5173	嵝
5174	嵫
5175	幄
5176	嵋
5177	铻
5178	铼
5179	铿
5180	锃
5181	锂
5182	锆
5183	锇
5184	锉
5185	锏
5186	锑
5187	锒
5188	锔
5189	锕
5190	掣
5191	矬
5192	氰
5193	毳
5194	毽
5195	犊
5196	犄
5197	犋
5198	鹄
5199	犍
5200	嵇
5201	黍
5202	稃
5203	稂
5204	筚
5205	筵
5206	筌
5207	傣
5208	傈
5209	舄
5210	牍
5211	傥
5212	傧
5213	遑
5214	傩
5215	遁
5216	徨
5217	媭
5218	畲
5219	弑
5220	颌
5221	翕
5222	釉
5223	鹆
5224	舜
5225	貂
5226	腈
5227	腌
5228	腓
5229	腆
5230	腴
5231	腑
5232	腚
5233	腱
5234	鱿
5235	鲀
5236	鲂
5237	颍
5238	猢
5239	猹
5240	猥
5241	飓
5242	觞
5243	觚
5244	猱
5245	颎
5246	飧
5247	馇
5248	馊
5249	亵
5250	脔
5251	裒
5252	痣
5253	痨
5254	痦
5255	痞
5256	痤
5257	痫
5258	痧
5259	赓
5260	竦
5261	瓿
5262	啻
5263	颏
5264	鹇
5265	阑
5266	阒
5267	阕
5268	粞
5269	遒
5270	孳
5271	焯
5272	焜
5273	焙
5274	焱
5275	鹈
5276	湛
5277	渫
5278	湮
5279	湎
5280	湜
5281	渭
5282	湍
5283	湫
5284	溲
5285	湟
5286	溆
5287	湲
5288	湔
5289	湉
5290	渥
5291	湄
5292	滁
5293	愠
5294	惺
5295	愦
5296	惴
5297	愀
5298	愎
5299	愔
5300	喾
5301	寐
5302	谟
5303	扉
5304	裢
5305	裎
5306	裥
5307	祾
5308	祺
5309	谠
5310	幂
5311	谡
5312	谥
5313	谧
5314	遐
5315	孱
5316	弼
5317	巽
5318	骘
5319	媪
5320	媛
5321	婷
5322	巯
5323	翚
5324	皴
5325	婺
5326	骛
5327	缂
5328	缃
5329	缄
5330	彘
5331	缇
5332	缈
5333	缌
5334	缑
5335	缒
5336	缗
5337	飨
5338	耢
5339	瑚
5340	瑁
5341	瑜
5342	瑗
5343	瑄
5344	瑕
5345	遨
5346	骜
5347	韫
5348	髡
5349	塬
5350	鄢
5351	趔
5352	趑
5353	摅
5354	摁
5355	蜇
5356	搋
5357	搪
5358	搐
5359	搛
5360	搠
5361	摈
5362	彀
5363	搦
5364	搡
5365	蓁
5366	戡
5367	蓍
5368	鄞
5369	靳
5370	蓐
5371	蓦
5372	鹋
5373	蒽
5374	蓓
5375	蓖
5376	蓊
5377	蒯
5378	蓟
5379	蓑
5380	蒿
5381	蒺
5382	蓠
5383	蒟
5384	蒡
5385	蒹
5386	蒴
5387	蒗
5388	蓥
5389	颐
5390	楔
5391	楠
5392	楂
5393	楝
5394	楫
5395	楸
5396	椴
5397	槌
5398	楯
5399	皙
5400	榈
5401	槎
5402	榉
5403	楦
5404	楣
5405	楹
5406	椽
5407	裘
5408	剽
5409	甄
5410	酮
5411	酰
5412	酯
5413	酩
5414	蜃
5415	碛
5416	碓
5417	硼
5418	碉
5419	碚
5420	碇
5421	碜
5422	鹌
5423	辏
5424	龃
5425	龅
5426	訾
5427	粲
5428	虞
5429	睚
5430	嗪
5431	韪
5432	嗷
5433	嗉
5434	睨
5435	睢
5436	雎
5437	睥
5438	嘟
5439	嗑
5440	嗫
5441	嗬
5442	嗔
5443	嗝
5444	戥
5445	嗄
5446	煦
5447	暄
5448	遢
5449	暌
5450	跬
5451	跶
5452	跸
5453	跐
5454	跣
5455	跹
5456	跻
5457	蛸
5458	蜊
5459	蜍
5460	蜉
5461	蜣
5462	畹
5463	蛹
5464	嗣
5465	嗯
5466	嗥
5467	嗲
5468	嗳
5469	嗌
5470	嗨
5471	嗐
5472	嗤
5473	嗵
5474	罨
5475	嵊
5476	嵩
5477	嵴
5478	骰
5479	锗
5480	锛
5481	锜
5482	锝
5483	锞
5484	锟
5485	锢
5486	锨
5487	锩
5488	锭
5489	锱
5490	雉
5491	氲
5492	犏
5493	歃
5494	稞
5495	稗
5496	稔
5497	筠
5498	筢
5499	筮
5500	筲
5501	筱
5502	牒
5503	煲
5504	敫
5505	徭
5506	愆
5507	艄
5508	觎
5509	毹
5510	貊
5511	貅
5512	貉
5513	颔
5514	腠
5515	腩
5516	腼
5517	腭
5518	腧
5519	塍
5520	媵
5521	詹
5522	鲅
5523	鲆
5524	鲇
5525	鲈
5526	稣
5527	鲋
5528	鲐
5529	肄
5530	鹐
5531	飕
5532	觥
5533	遛
5534	馐
5535	鹑
5536	亶
5537	瘃
5538	痱
5539	痼
5540	痿
5541	瘐
5542	瘁
5543	瘆
5544	麂
5545	裔
5546	歆
5547	旒
5548	雍
5549	阖
5550	阗
5551	阙
5552	羧
5553	豢
5554	粳
5555	猷
5556	煳
5557	煜
5558	煨
5559	煅
5560	煊
5561	煸
5562	煺
5563	滟
5564	溱
5565	溘
5566	漭
5567	滢
5568	溥
5569	溧
5570	溽
5571	裟
5572	溻
5573	溷
5574	滗
5575	滫
5576	溴
5577	滏
5578	滃
5579	滦
5580	溏
5581	滂
5582	滓
5583	溟
5584	滪
5585	愫
5586	慑
5587	慄
5588	慊
5589	鲎
5590	骞
5591	窦
5592	窠
5593	窣
5594	裱
5595	褚
5596	裨
5597	裾
5598	裰
5599	禊
5600	谩
5601	谪
5602	媾
5603	嫫
5604	媲
5605	嫒
5606	嫔
5607	媸
5608	缙
5609	缜
5610	缛
5611	辔
5612	骝
5613	缟
5614	缡
5615	缢
5616	缣
5617	骟
5618	耥
5619	璈
5620	瑶
5621	瑭
5622	獒
5623	觏
5624	慝
5625	嫠
5626	韬
5627	叆
5628	髦
5629	摽
5630	墁
5631	撂
5632	摞
5633	撄
5634	翥
5635	踅
5636	摭
5637	墉
5638	墒
5639	榖
5640	轂
5641	綦
5642	蔫
5643	蔷
5644	靺
5645	靼
5646	鞅
5647	靿
5648	甍
5649	蔸
5650	蔟
5651	蔺
5652	戬
5653	蕖
5654	蔻
5655	蓿
5656	斡
5657	鹕
5658	蓼
5659	榛
5660	榧
5661	榻
5662	榫
5663	榭
5664	槔
5665	榱
5666	槁
5667	槟
5668	槠
5669	榷
5670	僰
5671	酽
5672	酶
5673	酹
5674	厮
5675	碡
5676	碴
5677	碣
5678	碲
5679	磋
5680	臧
5681	豨
5682	殡
5683	霆
5684	霁
5685	辕
5686	蜚
5687	裴
5688	翡
5689	龇
5690	龈
5691	睿
5692	睽
5693	嘞
5694	嘈
5695	嘌
5696	嘁
5697	嘎
5698	暧
5699	暝
5700	踌
5701	踉
5702	蜞
5703	蜥
5704	蜮
5705	蝈
5706	蜴
5707	蜱
5708	蜩
5709	蜷
5710	蜿
5711	螂
5712	蜢
5713	嘘
5714	嘡
5715	鹗
5716	嘣
5717	嘤
5718	嘚
5719	嗾
5720	嘧
5721	罴
5722	罱
5723	幔
5724	嶂
5725	幛
5726	赙
5727	罂
5728	骷
5729	骶
5730	鹘
5731	锲
5732	锴
5733	锶
5734	锷
5735	锸
5736	锵
5737	镁
5738	镂
5739	犒
5740	箐
5741	箦
5742	箧
5743	箍
5744	箸
5745	箬
5746	箅
5747	箪
5748	箔
5749	箜
5750	箢
5751	箓
5752	毓
5753	僖
5754	儆
5755	僳
5756	僭
5757	劁
5758	僮
5759	魃
5760	魆
5761	睾
5762	艋
5763	鄱
5764	膈
5765	膑
5766	鲑
5767	鲔
5768	鲚
5769	鲛
5770	鲟
5771	獐
5772	觫
5773	雒
5774	夤
5775	馑
5776	銮
5777	塾
5778	麽
5779	瘌
5780	瘊
5781	瘘
5782	瘙
5783	廖
5784	韶
5785	旖
5786	膂
5787	阚
5788	鄯
5789	鲞
5790	粼
5791	粽
5792	糁
5793	槊
5794	鹚
5795	熘
5796	熥
5797	潢
5798	漤
5799	漕
5800	滹
5801	漯
5802	漶
5803	潋
5804	潴
5805	漪
5806	漉
5807	漳
5808	漩
5809	澉
5810	潍
5811	慵
5812	搴
5813	窨
5814	寤
5815	綮
5816	谮
5817	褡
5818	褙
5819	褓
5820	褛
5821	褊
5822	谯
5823	谰
5824	谲
5825	暨
5826	屣
5827	鹛
5828	嫣
5829	嫱
5830	嫖
5831	嫦
5832	嫚
5833	嫘
5834	嫡
5835	鼐
5836	翟
5837	瞀
5838	鹜
5839	骠
5840	缥
5841	缦
5842	缧
5843	缨
5844	骢
5845	缪
5846	缫
5847	耦
5848	耧
5849	瑾
5850	璜
5851	璀
5852	璎
5853	璁
5854	璋
5855	璇
5856	奭
5857	髯
5858	髫
5859	撷
5860	撅
5861	赭
5862	撸
5863	鋆
5864	撙
5865	撺
5866	墀
5867	聩
5868	觐
5869	鞑
5870	蕙
5871	鞒
5872	蕈
5873	蕨
5874	蕤
5875	蕞
5876	蕺
5877	瞢
5878	蕃
5879	蕲
5880	赜
5881	槿
5882	樯
5883	槭
5884	樗
5885	樘
5886	樊
5887	槲
5888	醌
5889	醅
5890	靥
5891	魇
5892	餍
5893	磔
5894	磙
5895	霈
5896	辘
5897	龉
5898	龊
5899	觑
5900	瞌
5901	瞋
5902	瞑
5903	嘭
5904	噎
5905	噶
5906	颙
5907	暹
5908	噘
5909	踔
5910	踝
5911	踟
5912	踒
5913	踬
5914	踮
5915	踯
5916	踺
5917	踞
5918	蝽
5919	蝾
5920	蝻
5921	蝰
5922	蝮
5923	螋
5924	蝓
5925	蝣
5926	蝼
5927	噗
5928	嘬
5929	颚
5930	噍
5931	噢
5932	噙
5933	噜
5934	噌
5935	噔
5936	颛
5937	幞
5938	幡
5939	嶙
5940	嶝
5941	骺
5942	骼
5943	骸
5944	镊
5945	镉
5946	镌
5947	镍
5948	镏
5949	镒
5950	镓
5951	镔
5952	稷
5953	箴
5954	篑
5955	篁
5956	篌
5957	篆
5958	牖
5959	儋
5960	徵
5961	磐
5962	虢
5963	鹞
5964	膘
5965	滕
5966	鲠
5967	鲡
5968	鲢
5969	鲣
5970	鲥
5971	鲧
5972	鲩
5973	獗
5974	獠
5975	觯
5976	馓
5977	馔
5978	麾
5979	廛
5980	瘛
5981	瘼
5982	瘢
5983	瘠
5984	齑
5985	羯
5986	羰
5987	𥻗
5988	遴
5989	糌
5990	糍
5991	糅
5992	熜
5993	熵
5994	熠
5995	澍
5996	澌
5997	潸
5998	潦
5999	潲
6000	鋈
6001	潟
6002	潼
6003	潽
6004	潺
6005	憬
6006	憧
6007	寮
6008	窳
6009	谳
6010	褴
6011	褟
6012	褫
6013	谵
6014	熨
6015	屦
6016	嬉
6017	勰
6018	戮
6019	蝥
6020	缬
6021	缮
6022	缯
6023	骣
6024	畿
6025	耩
6026	耨
6027	耪
6028	璞
6029	璟
6030	靛
6031	璠
6032	璘
6033	聱
6034	螯
6035	髻
6036	髭
6037	髹
6038	擀
6039	熹
6040	甏
6041	擞
6042	縠
6043	磬
6044	颞
6045	蕻
6046	鞘
6047	颟
6048	薤
6049	薨
6050	檠
6051	薏
6052	薮
6053	薜
6054	薅
6055	樾
6056	橛
6057	橇
6058	樵
6059	檎
6060	橹
6061	樽
6062	樨
6063	橼
6064	墼
6065	橐
6066	翮
6067	醛
6068	醐
6069	醍
6070	醚
6071	磺
6072	磲
6073	赝
6074	飙
6075	殪
6076	霖
6077	霏
6078	霓
6079	錾
6080	辚
6081	臻
6082	遽
6083	氅
6084	瞟
6085	瞠
6086	瞰
6087	嚄
6088	嚆
6089	噤
6090	暾
6091	蹀
6092	踹
6093	踵
6094	踽
6095	蹉
6096	蹁
6097	螨
6098	蟒
6099	螈
6100	螅
6101	螭
6102	螠
6103	螟
6104	噱
6105	噬
6106	噫
6107	噻
6108	噼
6109	罹
6110	圜
6111	䦃
6112	镖
6113	镗
6114	镘
6115	镚
6116	镛
6117	镝
6118	镞
6119	镠
6120	氇
6121	氆
6122	憩
6123	穑
6124	篝
6125	篥
6126	篦
6127	篪
6128	篙
6129	盥
6130	劓
6131	翱
6132	魉
6133	魈
6134	徼
6135	歙
6136	膳
6137	膦
6138	膙
6139	鲮
6140	鲱
6141	鲲
6142	鲳
6143	鲴
6144	鲵
6145	鲷
6146	鲻
6147	獴
6148	獭
6149	獬
6150	邂
6151	鹧
6152	廨
6153	赟
6154	瘰
6155	廪
6156	瘿
6157	瘵
6158	瘴
6159	癃
6160	瘳
6161	斓
6162	麇
6163	麈
6164	嬴
6165	壅
6166	羲
6167	糗
6168	瞥
6169	甑
6170	燎
6171	燠
6172	燔
6173	燧
6174	濑
6175	濉
6176	潞
6177	澧
6178	澹
6179	澥
6180	澶
6181	濂
6182	褰
6183	寰
6184	窸
6185	褶
6186	禧
6187	嬖
6188	犟
6189	隰
6190	嬗
6191	颡
6192	缱
6193	缲
6194	缳
6195	璨
6196	璩
6197	璐
6198	璪
6199	螫
6200	擤
6201	壕
6202	觳
6203	罄
6204	擢
6205	薹
6206	鞡
6207	鞬
6208	薷
6209	薰
6210	藓
6211	藁
6212	檄
6213	檩
6214	懋
6215	醢
6216	翳
6217	礅
6218	磴
6219	鹩
6220	龋
6221	龌
6222	豳
6223	壑
6224	黻
6225	嚏
6226	嚅
6227	蹑
6228	蹒
6229	蹊
6230	蟥
6231	螬
6232	螵
6233	疃
6234	螳
6235	蟑
6236	嚓
6237	羁
6238	罽
6239	罾
6240	嶷
6241	黜
6242	黝
6243	髁
6244	髀
6245	镡
6246	镢
6247	镣
6248	镦
6249	镧
6250	镩
6251	镪
6252	镫
6253	罅
6254	黏
6255	簌
6256	篾
6257	篼
6258	簖
6259	簋
6260	鼢
6261	黛
6262	儡
6263	鹪
6264	鼾
6265	皤
6266	魍
6267	龠
6268	繇
6269	貘
6270	邈
6271	貔
6272	臌
6273	膻
6274	臆
6275	臃
6276	鲼
6277	鲽
6278	鳀
6279	鳃
6280	鳅
6281	鳇
6282	鳊
6283	螽
6284	燮
6285	鹫
6286	襄
6287	糜
6288	縻
6289	膺
6290	癍
6291	麋
6292	懑
6293	濡
6294	濮
6295	濞
6296	濠
6297	濯
6298	蹇
6299	謇
6300	邃
6301	襁
6302	檗
6303	擘
6304	孺
6305	隳
6306	嬷
6307	蟊
6308	鹬
6309	鍪
6310	鏊
6311	鳌
6312	鬈
6313	鬃
6314	瞽
6315	鞯
6316	鞨
6317	鞫
6318	鞧
6319	鞣
6320	藜
6321	藠
6322	藩
6323	醪
6324	蹙
6325	礓
6326	燹
6327	餮
6328	瞿
6329	曛
6330	颢
6331	曜
6332	躇
6333	蹚
6334	鹭
6335	蟛
6336	蟪
6337	蟠
6338	蟮
6339	鹮
6340	黠
6341	黟
6342	髅
6343	髂
6344	镬
6345	镭
6346	镯
6347	馥
6348	簟
6349	簪
6350	鼬
6351	雠
6352	艟
6353	鳎
6354	鳏
6355	鳐
6356	癞
6357	癔
6358	癜
6359	癖
6360	糨
6361	蹩
6362	鎏
6363	懵
6364	彝
6365	邋
6366	鬏
6367	攉
6368	攒
6369	鞲
6370	鞴
6371	藿
6372	蘧
6373	蘅
6374	麓
6375	醮
6376	醯
6377	酃
6378	霪
6379	霭
6380	霨
6381	黼
6382	嚯
6383	蹰
6384	蹶
6385	蹽
6386	蹼
6387	蹴
6388	蹾
6389	蹿
6390	蠖
6391	蠓
6392	蟾
6393	蠊
6394	黢
6395	髋
6396	髌
6397	镲
6398	籀
6399	籁
6400	齁
6401	魑
6402	艨
6403	鳓
6404	鳔
6405	鳕
6406	鳗
6407	鳙
6408	麒
6409	鏖
6410	羸
6411	㸆
6412	瀚
6413	瀣
6414	瀛
6415	襦
6416	谶
6417	襞
6418	骥
6419	缵
6420	瓒
6421	攘
6422	蘩
6423	蘖
6424	醴
6425	霰
6426	酆
6427	矍
6428	曦
6429	躅
6430	鼍
6431	巉
6432	黩
6433	黥
6434	黪
6435	镳
6436	镴
6437	黧
6438	纂
6439	璺
6440	鼯
6441	臜
6442	鳜
6443	鳝
6444	鳟
6445	獾
6446	孀
6447	骧
6448	瓘
6449	鼙
6450	醺
6451	礴
6452	颦
6453	曩
6454	鳢
6455	癫
6456	麝
6457	夔
6458	爝
6459	灏
6460	禳
6461	鐾
6462	羼
6463	蠡
6464	耱
6465	懿
6466	蘸
6467	鹳
6468	霾
6469	氍
6470	饕
6471	躐
6472	髑
6473	镵
6474	穰
6475	饔
6476	鬻
6477	鬟
6478	趱
6479	攫
6480	攥
6481	颧
6482	躜
6483	鼹
6484	癯
6485	麟
6486	蠲
6487	蠹
6488	躞
6489	衢
6490	鑫
6491	灞
6492	襻
6493	纛
6494	鬣
6495	攮
6496	囔
6497	馕
6498	戆
6499	爨
6500	齉
6501	亍
6502	彳
6503	邒
6504	卬
6505	殳
6506	𠙶
6507	毌
6508	邘
6509	戋
6510	圢
6511	氕
6512	伋
6513	仝
6514	𨙮
6515	氿
6516	汈
6517	𣱼
6518	氾
6519	忉
6520	宄
6521	訏
6522	讱
6523	玐
6524	㺩
6525	扞
6526	圲
6527	圫
6528	芏
6529	芃
6530	朳
6531	朸
6532	𨙶
6533	𨙸
6534	邨
6535	吒
6536	吖
6537	屼
6538	屾
6539	辿
6540	钆
6541	仳
6542	㲻
6543	伣
6544	伈
6545	癿
6546	甪
6547	邠
6548	犴
6549	冱
6550	㡯
6551	邡
6552	闫
6553	闬
6554	澫
6555	汋
6556	𢖳
6557	䜣
6558	讻
6559	詝
6560	孖
6561	𨸝
6562	㚤
6563	紃
6564	纩
6565	玗
6566	玒
6567	玔
6568	玓
6569	玘
6570	㺭
6571	玚
6572	塸
6573	坜
6574	坉
6575	埨
6576	坋
6577	扺
6578	㧑
6579	毐
6580	𦔮
6581	芰
6582	芣
6583	苊
6584	苉
6585	芘
6586	䒜
6587	芴
6588	芠
6589	𫇭
6590	芤
6591	杕
6592	杙
6593	杄
6594	杋
6595	杧
6596	杩
6597	尪
6598	尨
6599	轪
6600	軏
6601	坒
6602	芈
6603	𠧚
6604	旴
6605	旵
6606	呙
6607	㕮
6608	岍
6609	㠣
6610	岠
6611	岜
6612	呇
6613	冏
6614	觃
6615	岙
6616	伾
6617	㑇
6618	伭
6619	佖
6620	佁
6621	肜
6622	飏
6623	狃
6624	𨚔
6625	疕
6626	闶
6627	汧
6628	汫
6629	𣲘
6630	𣲗
6631	沄
6632	漙
6633	沘
6634	浿
6635	汭
6636	㳇
6637	沕
6638	沇
6639	忮
6640	忳
6641	忺
6642	諓
6643	祃
6644	诇
6645	邲
6646	诎
6647	诐
6648	屃
6649	彄
6650	𨚓
6651	岊
6652	阽
6653	䢺
6654	阼
6655	妌
6656	妧
6657	媁
6658	妘
6659	姂
6660	𨚕
6661	纮
6662	驲
6663	馼
6664	纻
6665	紞
6666	駃
6667	纼
6668	玤
6669	玞
6670	珼
6671	瑽
6672	玪
6673	玱
6674	玟
6675	邽
6676	邿
6677	坫
6678	坥
6679	坰
6680	坬
6681	坽
6682	弆
6683	耵
6684	䢼
6685	𦭜
6686	苼
6687	茋
6688	苧
6689	苾
6690	苠
6691	枅
6692	㭎
6693	枘
6694	枍
6695	厔
6696	矼
6697	矻
6698	匼
6699	軝
6700	暐
6701	晛
6702	旿
6703	昇
6704	昄
6705	昒
6706	昈
6707	甽
6708	咉
6709	咇
6710	咍
6711	岵
6712	岽
6713	岨
6714	岞
6715	峂
6716	㟃
6717	囷
6718	釴
6719	钐
6720	钔
6721	钖
6722	䢾
6723	牥
6724	佴
6725	垈
6726	侁
6727	侹
6728	佸
6729	佺
6730	隹
6731	㑊
6732	侂
6733	佽
6734	侘
6735	㑮
6736	㑎
6737	郈
6738	郐
6739	𦔯
6740	郃
6741	攽
6742	肭
6743	肸
6744	肷
6745	狉
6746	狝
6747	㹣
6748	颹
6749	饳
6750	忞
6751	於
6752	並
6753	炌
6754	炆
6755	泙
6756	沺
6757	泂
6758	泜
6759	泃
6760	泇
6761	怊
6762	峃
6763	穸
6764	祋
6765	詷
6766	詪
6767	鄩
6768	鸤
6769	弢
6770	弨
6771	陑
6772	隑
6773	陎
6774	隮
6775	卺
6776	乸
6777	㚰
6778	㚴
6779	妭
6780	𡛟
6781	妰
6782	姈
6783	嬣
6784	妼
6785	娙
6786	迳
6787	叕
6788	駓
6789	驵
6790	𩧬
6791	駉
6792	䌹
6793	驺
6794	䮄
6795	绋
6796	绐
6797	砉
6798	耔
6799	㛃
6800	玵
6801	𤤒
6802	玶
6803	瓐
6804	珇
6805	珅
6806	珃
6807	瓅
6808	玽
6809	珋
6810	玸
6811	玹
6812	珌
6813	玿
6814	㺹
6815	韨
6816	垚
6817	垯
6818	垙
6819	垲
6820	㧥
6821	埏
6822	垍
6823	耇
6824	土+𡕘
6825	垎
6826	垴
6827	垟
6828	垞
6829	挓
6830	垏
6831	拶
6832	荖
6833	荁
6834	荙
6835	荛
6836	茈
6837	茽
6838	荄
6839	茺
6840	蔄
6841	荓
6842	茳
6843	𦰡
6844	茛
6845	荭
6846	㭕
6847	柷
6848	柃
6849	柊
6850	枹
6851	栐
6852	柖
6853	郙
6854	郚
6855	剅
6856	䴓
6857	迺
6858	䣅
6859	厖
6860	砆
6861	𥐰
6862	砑
6863	砄
6864	耏
6865	奓
6866	䶮
6867	𠡠
6868	轵
6869	轷
6870	轹
6871	轺
6872	昺
6873	睍
6874	昽
6875	盷
6876	咡
6877	咺
6878	昳
6879	昣
6880	哒
6881	昤
6882	昫
6883	昡
6884	咥
6885	昪
6886	虷
6887	虸
6888	哃
6889	峘
6890	峏
6891	峛
6892	𡷫
6893	𪨰
6894	峗
6895	峧
6896	帡
6897	钘
6898	鈇
6899	鍏
6900	钜
6901	鋹
6902	釿
6903	錀
6904	钪
6905	钬
6906	钭
6907	矧
6908	秬
6909	俫
6910	舁
6911	俜
6912	俙
6913	俍
6914	垕
6915	衎
6916	㣝
6917	舣
6918	弇
6919	侴
6920	鸧
6921	䏡
6922	胠
6923	𦙶
6924	胈
6925	胩
6926	胣
6927	朏
6928	飐
6929	䫾
6930	訄
6931	饻
6932	庤
6933	疢
6934	炣
6935	炟
6936	㶲
6937	洭
6938	洘
6939	洓
6940	洏
6941	洿
6942	㳚
6943	泚
6944	浉
6945	洸
6946	洑
6947	洢
6948	洈
6949	洚
6950	洺
6951	洨
6952	浐
6953	㳘
6954	洴
6955	洣
6956	恔
6957	宬
6958	窀
6959	扂
6960	謰
6961	袆
6962	祏
6963	祐
6964	祕
6965	叚
6966	陧
6967	陞
6968	娀
6969	姞
6970	姱
6971	娍
6972	姯
6973	嬅
6974	姤
6975	姶
6976	姽
6977	枲
6978	绖
6979	骃
6980	絪
6981	駪
6982	綎
6983	綖
6984	彖
6985	骉
6986	恝
6987	珪
6988	珬
6989	珛
6990	珹
6991	玼
6992	珖
6993	𤤺
6994	珚
6995	勣
6996	珽
6997	珦
6998	珘
6999	珨
7000	𤤸
7001	珫
7002	珒
7003	璕
7004	珢
7005	珕
7006	珝
7007	𡑍
7008	埗
7009	垾
7010	垺
7011	埆
7012	垿
7013	埌
7014	埇
7015	莰
7016	茝
7017	䓣
7018	鄀
7019	𦯬
7020	莶
7021	莝
7022	䓂
7023	莙
7024	栻
7025	桠
7026	梜
7027	桄
7028	梠
7029	栴
7030	梴
7031	栒
7032	栘
7033	酎
7034	酏
7035	頍
7036	砵
7037	砠
7038	砫
7039	砬
7040	硁
7041	恧
7042	翃
7043	郪
7044	𨐈
7045	辀
7046	辁
7047	牙+合
7048	剕
7049	赀
7050	哢
7051	晅
7052	晊
7053	唝
7054	哳
7055	哱
7056	冔
7057	晔
7058	晐
7059	晖
7060	畖
7061	蚄
7062	蚆
7063	鄳
7064	帱
7065	崁
7066	峬
7067	峿
7068	輋
7069	崄
7070	帨
7071	崀
7072	赆
7073	鉥
7074	钷
7075	鑪
7076	鉮
7077	鉊
7078	鉧
7079	眚
7080	甡
7081	𤙔
7082	笫
7083	倻
7084	倴
7085	脩
7086	倮
7087	倕
7088	倞
7089	僤
7090	倓
7091	倧
7092	𨈓
7093	衃
7094	虒
7095	舭
7096	舯
7097	舥
7098	瓞
7099	𨛭
7100	鬯
7101	鸰
7102	脎
7103	朓
7104	胲
7105	虓
7106	鱽
7107	狴
7108	峱
7109	狻
7110	眢
7111	餗
7112	勍
7113	痄
7114	疰
7115	痃
7116	竘
7117	䍨
7118	䍩
7119	羖
7120	羓
7121	桊
7122	敉
7123	烠
7124	烔
7125	烶
7126	烻
7127	烅
7128	烑
7129	燖
7130	涍
7131	浡
7132	浬
7133	涄
7134	涢
7135	涐
7136	浰
7137	浟
7138	浛
7139	浼
7140	浲
7141	浵
7142	浫
7143	涘
7144	悈
7145	悃
7146	悢
7147	礐
7148	宧
7149	窅
7150	窊
7151	窎
7152	扅
7153	扆
7154	袪
7155	袗
7156	袯
7157	祧
7158	隺
7159	堲
7160	疍
7161	𨺙
7162	陴
7163	䧑
7164	烝
7165	娪
7166	㛒
7167	娏
7168	婡
7169	𡝐
7170	嬐
7171	砮
7172	㛚
7173	哿
7174	翀
7175	翂
7176	剟
7177	駼
7178	絺
7179	绤
7180	骍
7181	綄
7182	駺
7183	䂮
7184	琎
7185	珸
7186	㻉
7187	珵
7188	琄
7189	㻌
7190	琈
7191	琀
7192	琂
7193	珶
7194	珺
7195	嫢
7196	掭
7197	堎
7198	堐
7199	埼
7200	掎
7201	埫
7202	堌
7203	晢
7204	墠
7205	掞
7206	埪
7207	壸
7208	㙍
7209	聍
7210	菝
7211	萚
7212	菥
7213	莿
7214	䓫
7215	勚
7216	䓬
7217	萆
7218	菂
7219	菍
7220	菼
7221	萣
7222	䓨
7223	菉
7224	䓛
7225	梼
7226	梽
7227	桲
7228	梾
7229	桯
7230	梣
7231	梌
7232	桹
7233	敔
7234	厣
7235	硔
7236	䃮
7237	硙
7238	硃
7239	硚
7240	硊
7241	硍
7242	勔
7243	龁
7244	祡
7245	砦
7246	逴
7247	唪
7248	𣆳
7249	晘
7250	翈
7251	㫰
7252	𣆲
7253	晙
7254	畤
7255	頔
7256	趼
7257	跂
7258	蛃
7259	蚲
7260	蝀
7261	蚺
7262	啴
7263	䎃
7264	𡹇
7265	崧
7266	崟
7267	崞
7268	崒
7269	崌
7270	崡
7271	铏
7272	銈
7273	鉷
7274	铕
7275	鐽
7276	铖
7277	铘
7278	铚
7279	铞
7280	铥
7281	铦
7282	铴
7283	牻
7284	牿
7285	稆
7286	䇞
7287	笱
7288	笣
7289	笯
7290	偡
7291	鸺
7292	偭
7293	偲
7294	偁
7295	鄅
7296	偓
7297	𢔁
7298	徛
7299	衒
7300	舳
7301	舲
7302	鸼
7303	悆
7304	鄃
7305	瓻
7306	䝙
7307	脶
7308	脞
7309	脟
7310	䏲
7311	鱾
7312	猇
7313	猊
7314	猄
7315	觖
7316	鄮
7317	庱
7318	庼
7319	庳
7320	痓
7321	䴔
7322	竫
7323	堃
7324	羝
7325	羕
7326	燽
7327	焆
7328	烿
7329	烺
7330	焌
7331	渶
7332	淏
7333	漍
7334	淟
7335	淜
7336	淴
7337	淯
7338	湴
7339	涴
7340	璗
7341	㥄
7342	惛
7343	惔
7344	悰
7345	惙
7346	寁
7347	逭
7348	諲
7349	諴
7350	袼
7351	裈
7352	祲
7353	諟
7354	謏
7355	谞
7356	艴
7357	弸
7358	弶
7359	隤
7360	隃
7361	嫧
7362	婞
7363	娵
7364	婼
7365	媖
7366	婳
7367	婍
7368	婌
7369	婋
7370	婫
7371	婩
7372	㛥
7373	婇
7374	婤
7375	婘
7376	婠
7377	娽
7378	娺
7379	綪
7380	綝
7381	騑
7382	騊
7383	绹
7384	綡
7385	綧
7386	骕
7387	騄
7388	絜
7389	珷
7390	㻓
7391	瓄
7392	琲
7393	琡
7394	㻒
7395	㻔
7396	㻑
7397	琟
7398	𤥿
7399	琗
7400	𤥽
7401	琔
7402	琭
7403	堾
7404	堼
7405	揕
7406	㙘
7407	堧
7408	喆
7409	揾
7410	堨
7411	塅
7412	𢯺
7413	堠
7414	絷
7415	塿
7416	𡎚
7417	堟
7418	葜
7419	惎
7420	萳
7421	葙
7422	靬
7423	葴
7424	蒇
7425	蒈
7426	鄚
7427	蒉
7428	蓇
7429	萩
7430	蒐
7431	葰
7432	葎
7433	葹
7434	鄑
7435	蒎
7436	葖
7437	蒄
7438	萹
7439	棤
7440	棽
7441	棫
7442	椓
7443	𣓉
7444	椢
7445	椑
7446	櫍
7447	鹀
7448	椆
7449	棓
7450	棬
7451	棪
7452	椀
7453	楗
7454	盚
7455	鵏
7456	甦
7457	䣓
7458	酦
7459	觌
7460	奡
7461	皕
7462	硪
7463	欹
7464	詟
7465	輗
7466	辌
7467	棐
7468	龂
7469	齘
7470	黹
7471	牚
7472	睎
7473	𥆧
7474	瞷
7475	晫
7476	晪
7477	晱
7478	𧿹
7479	蛑
7480	畯
7481	斝
7482	喤
7483	崶
7484	嵁
7485	嵽
7486	崾
7487	嵅
7488	崿
7489	嵚
7490	翙
7491	𫖮
7492	圌
7493	圐
7494	䞍
7495	赑
7496	淼
7497	赒
7498	䥑
7499	铹
7500	𨧀
7501	铽
7502	𨱇
7503	鋗
7504	锊
7505	锍
7506	锎
7507	鋐
7508	锓
7509	犇
7510	颋
7511	稌
7512	䅋
7513	筀
7514	筘
7515	筜
7516	筥
7517	筅
7518	傃
7519	傉
7520	翛
7521	傒
7522	傕
7523	舾
7524	畬
7525	殽
7526	頫
7527	脿
7528	腘
7529	䐃
7530	䏽
7531	腙
7532	腒
7533	頠
7534	魪
7535	鲃
7536	猰
7537	鵟
7538	猯
7539	㺄
7540	馉
7541	凓
7542	鄗
7543	廞
7544	廋
7545	廆
7546	鄌
7547	粢
7548	遆
7549	旐
7550	闉
7551	焞
7552	燀
7553	欻
7554	𣸣
7555	溚
7556	溁
7557	湝
7558	渱
7559	渰
7560	湓
7561	㴔
7562	渟
7563	湙
7564	溠
7565	渼
7566	溇
7567	湣
7568	湑
7569	溞
7570	愐
7571	愃
7572	敩
7573	甯
7574	棨
7575	扊
7576	裣
7577	祼
7578	隞
7579	婻
7580	媙
7581	媔
7582	媆
7583	媞
7584	㛱
7585	㛹
7586	媓
7587	媂
7588	媄
7589	媥
7590	媃
7591	毵
7592	矞
7593	騞
7594	騠
7595	缊
7596	缐
7597	骙
7598	瑃
7599	㻡
7600	瑓
7601	㻟
7602	瑅
7603	瑆
7604	䴖
7605	瑖
7606	瑝
7607	瑔
7608	瑀
7609	𤧛
7610	瑳
7611	㻠
7612	瑏
7613	瑂
7614	嶅
7615	瑈
7616	瑑
7617	遘
7618	䪞
7619	髢
7620	塥
7621	堽
7622	赪
7623	摛
7624	塝
7625	搒
7626	搌
7627	蒱
7628	蒨
7629	蓏
7630	蔀
7631	蓢
7632	蓂
7633	蒻
7634	蓣
7635	椹
7636	楪
7637	榃
7638	榅
7639	楒
7640	楞
7641	楩
7642	榇
7643	椸
7644	楙
7645	歅
7646	醲
7647	碃
7648	碏
7649	石+肯
7650	碈
7651	䃅
7652	硿
7653	𩐁
7654	鄠
7655	辒
7656	輶
7657	輮
7658	龆
7659	觜
7660	𨝘
7661	䣘
7662	暕
7663	鹍
7664	噁
7665	㬈
7666	㬊
7667	暅
7668	跱
7669	𨁂
7670	蜐
7671	蜎
7672	嵲
7673	㡗
7674	赗
7675	骱
7676	锖
7677	錤
7678	锘
7679	锳
7680	锧
7681	錋
7682	锪
7683	錞
7684	锫
7685	锬
7686	𨨏
7687	稑
7688	稙
7689	䅟
7690	篢
7691	筻
7692	筼
7693	筶
7694	筤
7695	傺
7696	鹎
7697	僇
7698	艅
7699	艉
7700	谼
7701	貆
7702	腽
7703	腨
7704	腯
7705	鲉
7706	鲊
7707	鲌
7708	䲟
7709	鮈
7710	鮀
7711	鲏
7712	雊
7713	猺
7714	飔
7715	觟
7716	𦝼
7717	馌
7718	裛
7719	廒
7720	瘀
7721	瘅
7722	鄘
7723	鹒
7724	鄜
7725	麀
7726	鄣
7727	阘
7728	闑
7729	煁
7730	爃
7731	煃
7732	煴
7733	煋
7734	煟
7735	煓
7736	滠
7737	溍
7738	溹
7739	滆
7740	滉
7741	溦
7742	溵
7743	漷
7744	滧
7745	滘
7746	滍
7747	愭
7748	慥
7749	慆
7750	塱
7751	襀
7752	裼
7753	禋
7754	禔
7755	禘
7756	禒
7757	谫
7758	鹔
7759	頵
7760	愍
7761	嫃
7762	嫄
7763	媱
7764	戤
7765	勠
7766	戣
7767	騵
7768	騱
7769	耤
7770	瑧
7771	璊
7772	瑨
7773	瑱
7774	璼
7775	瑷
7776	瑢
7777	斠
7778	摏
7779	墈
7780	墐
7781	墘
7782	摴
7783	銎
7784	𡐓
7785	墚
7786	撖
7787	𪤗
7788	靽
7789	鞁
7790	蔌
7791	蔈
7792	蓰
7793	蔹
7794	蔊
7795	嘏
7796	榰
7797	榑
7798	槚
7799	𣗋
7800	槜
7801	榍
7802	樋
7803	疐
7804	鶠
7805	酺
7806	酾
7807	酲
7808	酴
7809	碶
7810	䃎
7811	𥗽
7812	碨
7813	𥔲
7814	碹
7815	碥
7816	劂
7817	鮆
7818	夥
7819	瞍
7820	鹖
7821	㬎
7822	跽
7823	蜾
7824	幖
7825	嶍
7826	圙
7827	𨱏
7828	锺
7829	锼
7830	锽
7831	䤼
7832	鍭
7833	锾
7834	锿
7835	镃
7836	镄
7837	镅
7838	馝
7839	箨
7840	箖
7841	劄
7842	𥮾
7843	僬
7844	僦
7845	僔
7846	躴
7847	僎
7848	槃
7849	㙦
7850	賸
7851	鲒
7852	鲕
7853	鰤
7854	鲖
7855	鲘
7856	鲙
7857	鮡
7858	鮠
7859	𩽾
7860	夐
7861	獍
7862	飗
7863	鸑
7864	凘
7865	廑
7866	廙
7867	瘗
7868	瘥
7869	瘕
7870	𣄎
7871	鄫
7872	熇
7873	漹
7874	潆
7875	潩
7876	漼
7877	漴
7878	㽏
7879	漈
7880	漋
7881	漻
7882	慬
7883	窬
7884	窭
7885	㮾
7886	譓
7887	褕
7888	禛
7889	禚
7890	隩
7891	嫤
7892	嫕
7893	嫭
7894	嫜
7895	嫪
7896	縯
7897	㻬
7898	麹
7899	璆
7900	漦
7901	叇
7902	墣
7903	墦
7904	墡
7905	劐
7906	薁
7907	蕰
7908	蔃
7909	鼒
7910	槱
7911	鹝
7912	磏
7913	磉
7914	殣
7915	慭
7916	霅
7917	暳
7918	暵
7919	暲
7920	暶
7921	曏
7922	踦
7923	踣
7924	䗖
7925	蝘
7926	蝲
7927	蝤
7928	噇
7929	噂
7930	噀
7931	罶
7932	嶲
7933	嶓
7934	㠇
7935	嶟
7936	嶒
7937	镆
7938	镈
7939	镋
7940	镎
7941	鎓
7942	镕
7943	稹
7944	篊
7945	儇
7946	皞
7947	皛
7948	艎
7949	艏
7950	鹟
7951	𩾃
7952	鲦
7953	鲪
7954	鲬
7955	橥
7956	觭
7957	鹠
7958	鹡
7959	糇
7960	糈
7961	翦
7962	鹢
7963	鹣
7964	熛
7965	潖
7966	潵
7967	㵐
7968	澛
7969	瑬
7970	潾
7971	潏
7972	憭
7973	憕
7974	鶱
7975	戭
7976	褯
7977	禤
7978	𥛚
7979	譞
7980	㜤
7981	嫽
7982	㜣
7983	嬁
7984	遹
7985	驎
7986	𤩲
7987	璥
7988	㻸
7989	瓓
7990	璲
7991	㻵
7992	𤩄
7993	璒
7994	憙
7995	擐
7996	鄹
7997	薳
7998	鞔
7999	黇
8000	蘋
8001	𨞼
8002	蕗
8003	薐
8004	薢
8005	蕹
8006	橞
8007	橑
8008	橦
8009	醑
8010	瑿
8011	觱
8012	磡
8013	𥕢
8014	磜
8015	豮
8016	䡵
8017	齮
8018	齯
8019	鹾
8020	虤
8021	暿
8022	曔
8023	暻
8024	曌
8025	曈
8026	㬚
8027	蹅
8028	踶
8029	䗛
8030	螗
8031	𧎥
8032	疁
8033	㠓
8034	幪
8035	巘
8036	嶦
8037	鏏
8038	𨱑
8039	䥕
8040	馞
8041	穄
8042	篚
8043	䈪
8044	篯
8045	簉
8046	鼽
8047	衠
8048	盦
8049	螣
8050	縢
8051	鲭
8052	鲯
8053	鲰
8054	鲺
8055	鲹
8056	饘
8057	亸
8058	癀
8059	瘭
8060	鷟
8061	羱
8062	糒
8063	燋
8064	熻
8065	燊
8066	燚
8067	燏
8068	濩
8069	濛
8070	濋
8071	澪
8072	澽
8073	澴
8074	澭
8075	澼
8076	𢣏
8077	憷
8078	憺
8079	懔
8080	黉
8081	嬛
8082	嬚
8083	鹨
8084	翯
8085	繶
8086	璱
8087	瓁
8088	𤩽
8089	㻿
8090	璬
8091	璮
8092	髽
8093	擿
8094	盩
8095	薿
8096	薸
8097	檑
8098	櫆
8099	檞
8100	醨
8101	繄
8102	磹
8103	磻
8104	瞫
8105	瞵
8106	蹐
8107	蟏
8108	㘎
8109	𨭎
8110	镤
8111	𨭆
8112	鐇
8113	镥
8114	镨
8115	鏻
8116	𨱔
8117	鐩
8118	鐍
8119	矰
8120	穙
8121	穜
8122	穟
8123	簕
8124	簃
8125	簏
8126	儦
8127	魋
8128	斶
8129	艚
8130	鷭
8131	谿
8132	臁
8133	鯻
8134	鲾
8135	鰊
8136	鳁
8137	鳂
8138	䱸
8139	鳈
8140	鳉
8141	獯
8142	䚦
8143	䗪
8144	馘
8145	襕
8146	襚
8147	鱀
8148	螱
8149	甓
8150	嬬
8151	嬥
8152	𦈡
8153	纁
8154	𤪌
8155	瓀
8156	瓋
8157	瓍
8158	璻
8159	釐
8160	鬶
8161	䰂
8162	爇
8163	鞳
8164	鞮
8165	虉
8166	藟
8167	藦
8168	藨
8169	鹲
8170	檽
8171	檫
8172	黡
8173	礞
8174	礌
8175	𥖨
8176	㬤
8177	蹢
8178	蹜
8179	蟫
8180	䗴
8181	嚚
8182	髃
8183	𩪁
8184	镮
8185	镱
8186	酂
8187	馧
8188	簠
8189	簝
8190	簰
8191	𥳘
8192	鼫
8193	鼩
8194	皦
8195	臑
8196	䲢
8197	鳑
8198	鳒
8199	鹱
8200	鹯
8201	癗
8202	𦒍
8203	旞
8204	翷
8205	冁
8206	䎖
8207	瀔
8208	瀍
8209	瀌
8210	襜
8211	㜴
8212	纆
8213	瓃
8214	𣂏
8215	嚭
8216	酄
8217	㰀
8218	鬷
8219	醭
8220	蹯
8221	𧒽
8222	蠋
8223	翾
8224	鳘
8225	儳
8226	儴
8227	鼗
8228	鰶
8229	𩾌
8230	鳚
8231	鳛
8232	麑
8233	麖
8234	蠃
8235	爅
8236	彟
8237	嬿
8238	瓌
8239	鬒
8240	蘶
8241	蘘
8242	欂
8243	醵
8244	颥
8245	甗
8246	𨟠
8247	巇
8248	酅
8249	髎
8250	犨
8251	鱚
8252	黁
8253	𨭉
8254	㸌
8255	爔
8256	瀱
8257	瀹
8258	瀼
8259	瀵
8260	襫
8261	孅
8262	驩
8263	骦
8264	纕
8265	耰
8266	𤫉
8267	瓖
8268	鬘
8269	趯
8270	礳
8271	齼
8272	𣌓
8273	罍
8274	鼱
8275	鳠
8276	鳡
8277	爟
8278	爚
8279	爙
8280	灈
8281	韂
8282	糵
8283	蘼
8284	礵
8285	鹴
8286	㬬
8287	躔
8288	皭
8289	龢
8290	鳤
8291	亹
8292	䂂
8293	籥
8294	鼷
8295	鱲
8296	玃
8297	醾
8298	齇
8299	觿
8300	蠼
