var jiangzikuang    = 1001;  /* 匠 */
var caozitou        = 1002;  /* 草 */
var youzishen       = 1003;  /* 尤，无点 */
var tishoupang      = 1004;  /* 提 */
var shizikuang      = 1005;  /* 式 */
var laozitou        = 1006;  /* 老 */
var chaozipang      = 1007;  /* 朝 */
var h_ten           = 1008;  /* 十 */
var h_chang         = 1009;  /* 厂 */
var h_ding          = 1010;  /* 丁 */
var h_two           = 1011;  /* 二 */
var h_gan           = 1012;  /* 干 */
var h_gong          = 1013;  /* 工 */
var h_qiaoziyou     = 1014;  /* 巧, 右边 */
var h_hengpie       = 1015;  /* 左，左上 */
var h_wan           = 1016;  /* 万 */
var h_che           = 1017;  /* 车 */
var h_cun           = 1018;  /* 寸 */
var h_zhang         = 1019;  /* 丈 */
var h_three         = 1020;  /* 三 */
var h_and           = 1021;  /* 与 */
var h_tu            = 1022;  /* 土 */
var h_kai           = 1023;  /* 开 */
var h_yun           = 1024;  /* 云 */
var h_shi           = 1025;  /* 士 */
var h_stone         = 1026;  /* 石 */
var h_mu            = 1027;  /* 木 */
var h_da            = 1028;  /* 大 */
var h_quan          = 1029;  /* 犬 */
var h_zaizitou      = 1030;  /* 在，去土 */
var h_kui           = 1031;  /* 亏 */
var h_dai           = 1032;  /* 歹 */
var h_ya            = 1033;  /* 牙 */
var h_ge            = 1034;  /* 戈 */
var h_wuzidi        = 1035;  /* 兀 */
var h_xia           = 1036;  /* 下 */
var h_cai           = 1037;  /* 才 */
var h_qu            = 1038;  /* 去 */
var h_gu            = 1039;  /* 古 */
var h_wei           = 1040;  /* 韦 */
var h_zhuan         = 1041;  /* 专 */
var h_five          = 1042;  /* 五 */
var h_xingziyou     = 1043;  /* 行，右边 */
var h_wang          = 1044;  /* 王 */
var h_yu            = 1045;  /* 玉 */
var h_mugou         = 1046;  /* 杀，下部 */
var h_kai           = 1047;  /* 开 */
var h_tian          = 1048;  /* 天 */
var h_yushi         = 1049;  /* 于，于是 */
var h_jing          = 1050;  /* 井 */
var h_piecao        = 1051;  /* 异，下部 */
var h_piefeng       = 1052;  /* 寿，上部 */
var h_qingzitou     = 1053;  /* 青，上部 */
var h_yuan          = 1054;  /* 元 */
var h_fu            = 1055;  /* 夫 */
var h_zhi           = 1056;  /* 支 */
var h_bu            = 1057;  /* 不 */
var h_ju            = 1058;  /* 巨 */
var h_tun           = 1059;  /* 屯 */
var h_ben           = 1060;  /* 本 */
var h_ke            = 1061;  /* 可 */
var h_yuzidi        = 1062;  /* 余，下部 */
var h_budai         = 1063;  /* 布，袋 */
var h_dong          = 1064;  /* 东 */
var h_zheng         = 1065;  /* 正 */
var h_ping          = 1066;  /* 平 */
var h_shiren        = 1067;  /* 示，人 */
var h_jida          = 1068;  /* 击，打 */
var h_fengzitou     = 1069;  /* 奉，上部 */
var h_fengzidi      = 1070;  /* 奉，下部 */
var h_mo            = 1071;  /* 末 */
var h_long          = 1072;  /* 龙 */
var h_you           = 1073;  /* 友 */
var h_jianziyou     = 1074;  /* 拣，右边 */
var h_ye            = 1075;  /* 页 */
var h_erduo         = 1076;  /* 耳 */
var h_erqie         = 1077;  /* 而 */
var h_wuxu          = 1078;  /* 戊 */
var h_qiangzitou    = 1079;  /* 墙，右上 */
var h_chen          = 1080;  /* 臣 */
var h_cizizuo       = 1081;  /* 刺，左边 */
var h_shu           = 1082;  /* 束 */
var h_yushui        = 1083;  /* 雨 */
var h_tai           = 1084;  /* 太 */
var h_zhiyu         = 1085;  /* 至 */
var h_weilai        = 1086;  /* 未 */
var h_xizitou       = 1087;  /* 昔，上面 */
var h_li            = 1088;  /* 吏 */
var h_jinxia        = 1089;  /* 金，下部 */
var h_shushi        = 1090;  /* 肺，右边 */
var h_zhan          = 1091;  /* 栈，右边 */
var h_shijie        = 1092;  /* 世 */
var h_cheng         = 1093;  /* 成 */
var h_jia           = 1094;  /* 夹 */
var h_jiangyouxia   = 1095;  /* 降，右下 */
var h_wuyou         = 1096;  /* 无 */
var h_gewudian      = 1097;  /* 戈，无点 */
var h_ganku         = 1098;  /* 甘 */
var h_qizitou       = 1099;  /* 其，上面 */
var h_caoheng       = 1100;  /* 革，上部 */
var h_daizitou      = 1101;  /* 带，最上 */
var h_bing          = 1102;  /* 丙 */
var h_xiwuzhe       = 1103;  /* 要，上部 */
var chengzikuang    = 1104;  /* 成，咸框 */
var h_baiziyou      = 1105;  /* 拜，右边 */
var h_geng          = 1106;  /* 更 */
var h_liang         = 1107;  /* 两 */
var h_yangzizh      = 1108;  /* 养，中部 */
var h_xi            = 1109;  /* 西 */
var h_jiziyou       = 1110;  /* 既，右边 */
var h_yi            = 1111;  /* 姨，右边 */
var h_gengzizuo     = 1112;  /* 耕，左边 */
var h_feng          = 1113;  /* 丰 */
var zaizikuang      = 1114;  /* 栽，去木 */
var h_fudu          = 1115;  /* 甫 */
var h_chenxing      = 1116;  /* 辰 */
var h_yazhou        = 1117;  /* 亚 */
var h_dingwugou     = 1118;  /* 哥，上框 */
var h_dou           = 1119;  /* 豆 */
var h_youxin        = 1120;  /* 酉，辛 */
var h_hengxiapie    = 1121;  /* 夏，最上 */
var h_sizizuo       = 1122;  /* 肆，左边 */
var h_zhizhu        = 1123;  /* 肆，左边 */
var h_dunti         = 1124;  /* 顿，左边 */
var h_seven         = 1125;  /* 七 */
var h_wa            = 1126;  /* 瓦 */
var h_qiu           = 1127;  /* 求 */
var h_jieziyou      = 1128;  /* 捷，右边 */
var h_yuezili       = 1129;  /* 越，里面 */
var h_huizitou      = 1130;  /* 惠，上部 */
var h_benzitou      = 1131;  /* 贲，上部 */
var h_sanhls        = 1132;  /* 塞，中上 */
var h_qinzizuo      = 1133;  /* 勤，左边 */
var h_caozitou      = 1134;  /* 曹，上部 */
var h_hsishu        = 1135;  /* 舞，一横四竖 */
var h_liaoyoush     = 1136;  /* 燎，右上 */
var h_yinzizhong    = 1137;  /* 寅，中部 */
var zangzikuang     = 1138;  /* 臧，外框 */
var h_nangzitou     = 1139;  /* 囊，最上 */
var h_nue           = 1140;  /* 虐，里面 */
var h_gai           = 1141;  /* 丐 */
var h_wu            = 1142;  /* 巫 */
var h_shixue        = 1143;  /* 妻，上部 */
var h_chi           = 1144;  /* 赤 */
var h_yuwuheng      = 1145;  /* 与，无下横 */
var h_jimei         = 1146;  /* 姬，右边，美 */
var h_guazizhong    = 1147;  /* 寡，中部 */
var h_jian          = 1148;  /* 柬 */
var liuzitou        = 4001;  /* 六 */
var liangdianshui   = 4002;  /* 次 */
var lanzitou        = 4003;  /* 兰 */
var yanzipang       = 4004;  /* 语 */
var baogaitou       = 4005;  /* 安 */
var sandianshui     = 4006;  /* 江 */
var zouzhidi        = 4007;  /* 过 */
var huozipang       = 4008;  /* 火 */
var sidiandi        = 4009;  /* 点 */
var shizipang       = 4010;  /* 视 */
var bingzitou       = 4011;  /* 病 */
var buyipang        = 4012;  /* 补 */
var pieweiyang      = 4013;  /* 差 */
var yangzitou       = 4014;  /* 羔 */
var jinzidi         = 4015;  /* 今，下边 */
var d_zhi           = 4016;  /* 之 */
var d_men           = 4017;  /* 门 */
var d_yi            = 4018;  /* 义 */
var d_lingzidi      = 4019;  /* 令 */
var d_ld_sl         = 4020;  /* 冬 */
var d_guang         = 4021;  /* 广 */
var d_wang          = 4022;  /* 亡 */
var d_fang          = 4023;  /* 方 */
var d_wei           = 4024;  /* 为 */
var d_wen           = 4025;  /* 文 */
var d_mi            = 4026;  /* 米 */
var d_zhou          = 4027;  /* 州 */
var d_xingzitou     = 4028;  /* 兴，上面，不带横 */
var d_tou           = 4029;  /* 头 */
var d_kang          = 4030;  /* 亢 */
var d_dou           = 4031;  /* 斗 */
var d_hu            = 4032;  /* 户 */
var d_xin           = 4033;  /* 心 */
var d_zhu           = 4034;  /* 主 */
var d_li            = 4035;  /* 立 */
var d_ban           = 4036;  /* 半 */
var d_panzizuo      = 4037;  /* 判，左边 */
var xuezitou        = 4038;  /* 究，上边 */
var d_lan           = 4039;  /* 兰 */
var d_yong          = 4040;  /* 永 */
var d_yifu          = 4041;  /* 衣 */
var d_bianzitou     = 4042;  /* 变，上部 */
var d_jiao          = 4043;  /* 交 */
var d_hai           = 4044;  /* 亥 */
var d_chongzitou    = 4045;  /* 充，上面 */
var d_shi           = 4046;  /* 市 */
var d_guan          = 4047;  /* 关 */
var d_juanzitou     = 4048;  /* 卷，上面 */
var d_yang          = 4049;  /* 羊 */
var d_xinzidi       = 4050;  /* 辛，去点横 */
var d_yan           = 4051;  /* 言 */
var d_yiye          = 4052;  /* 亦 */
var d_ni            = 4053;  /* 逆，里面 */
var d_dianpie       = 4054;  /* 班，里面 */
var d_liang         = 4055;  /* 良 */
var d_jizitou       = 4056;  /* 脊，上部 */
var d_jian          = 4057;  /* 兼 */
var d_langzizuo     = 4058;  /* 朗，左边 */
var d_chan          = 4059;  /* 产 */
var d_gezili        = 4060;  /* 隔，右下里 */
var d_zu            = 4061;  /* 卒 */
var d_bizizuo       = 4062;  /* 敝，左边 */
var danrenpang      = 3001;  /* 化 */
var weizitou        = 3002;  /* 危 */
var baozitou        = 3003;  /* 包 */
var fengzitou       = 3004;  /* 凤 */
var tubaogai        = 3005;  /* 军 */
var shuangrenpang   = 3006;  /* 很 */
var sanpie          = 3007;  /* 形 */
var fanquanpang     = 3008;  /* 狼 */
var zhewen          = 3009;  /* 条 */
var shichi          = 3010;  /* 饭 */
var fanwenpang      = 3011;  /* 故 */
var caizitou        = 3012;  /* 采 */
var jinzipang       = 3013;  /* 银 */
var zhuzitou        = 3014;  /* 第 */
var fanzitou        = 3015;  /* 番 */
var baozipang       = 3016;  /* 豹 */
var quezipang       = 3017;  /* 雄 */
var pieheng         = 3018;  /* 乞，上部 */
var p_ji            = 3019;  /* 几 */
var cha             = 3020;  /* 区，里面 */
var p_er            = 3021;  /* 儿 */
var p_bi            = 3022;  /* 匕 */
var p_nine          = 3023;  /* 九 */
var p_ren           = 3024;  /* 人 */
var pieshu          = 3025;  /* 介，下部 */
var p_eight         = 3026;  /* 八 */
var liangpie        = 3027;  /* 勿，里面 */
var p_xi            = 3028;  /* 夕 */
var p_chuan         = 3029;  /* 川 */
var p_tuoziyou      = 3030;  /* 托，右边 */
var p_wan           = 3031;  /* 丸 */
var p_fan           = 3032;  /* 凡 */
var p_jige          = 3033;  /* 及，格 */
var p_yue           = 3034;  /* 月 */
var p_bai           = 3035;  /* 白 */
var p_jin           = 3036;  /* 斤 */
var p_najiu         = 3037;  /* 轨，右边 */
var p_she           = 3038;  /* 舌 */
var p_thousand      = 3039;  /* 千 */
var p_yao           = 3040;  /* 夭 */
var p_qiu           = 3041;  /* 丘 */
var p_yanzili       = 3042;  /* 延，里面 */
var p_rengui        = 3043;  /* 壬 */
var p_niu           = 3044;  /* 牛 */
var p_jie           = 3045;  /* 介 */
var p_fen           = 3046;  /* 分 */
var p_angzizuo      = 3047;  /* 卬，左边 */
var p_maozizuo      = 3048;  /* 卯，左边 */
var p_fu            = 3049;  /* 父 */
var p_qian          = 3050;  /* 欠 */
var p_wu            = 3051;  /* 午 */
var p_lun           = 3052;  /* 仑 */
var p_shao          = 3053;  /* 勺 */
var p_zhao          = 3054;  /* 爪 */
var p_cang          = 3055;  /* 仓 */
var p_yun           = 3056;  /* 匀 */
var p_rong          = 3057;  /* 冗 */
var p_shi           = 3058;  /* 矢 */
var p_wuya          = 3059;  /* 乌 */
var p_chang         = 3060;  /* 长 */
var p_niuwuwei      = 3061;  /* 告，上面 */
var p_he            = 3062;  /* 禾 */
var p_zha           = 3063;  /* 乍 */
var p_ling          = 3064;  /* 令 */
var p_yong          = 3065;  /* 用 */
var p_di            = 3066;  /* 氐 */
var p_shizu         = 3067;  /* 氏 */
var p_erya          = 3068;  /* 尔 */
var p_fanzhi        = 3069;  /* 反 */
var p_jintian       = 3070;  /* 今 */
var p_ce            = 3071;  /* 册 */
var p_niaowuheng    = 3072;  /* 鸟，无横 */
var p_qi            = 3073;  /* 气 */
var p_gou           = 3074;  /* 勾 */
var p_shenziyou     = 3075;  /* 沈，右边 */
var p_mao           = 3076;  /* 毛 */
var p_pi            = 3077;  /* 皮 */
var p_gong          = 3078;  /* 公 */
var p_yizidi        = 3079;  /* 衣，下部 */
var p_wuyou         = 3080;  /* 勿 */
var p_hu            = 3081;  /* 乎 */
var p_zhizizuo      = 3082;  /* 制，左边 */
var p_pian          = 3083;  /* 片 */
var zhouzikuang     = 3084;  /* 周，外框 */
var p_gua           = 3085;  /* 瓜 */
var p_yedian        = 3086;  /* 夜，下右 */
var p_sheng         = 3087;  /* 生 */
var p_zhaotou       = 3088;  /* 兆，头 */
var p_zheng         = 3089;  /* 争 */
var p_liuzidi       = 3090;  /* 流，右下 */
var p_zhutouban     = 3091;  /* 临，右上 */
var p_fa            = 3092;  /* 乏 */
var p_zi            = 3093;  /* 自 */
var p_xiangzikuang  = 3094;  /* 向 */
var p_xiezizuo      = 3095;  /* 卸，左边 */
var p_gangwa        = 3096;  /* 缸，左边 */
var p_baizizuo      = 3097;  /* 拜，左边 */
var p_duanzizuo     = 3098;  /* 段，左边 */
var p_zhuizili      = 3099;  /* 追，里边 */
var p_mian          = 3100;  /* 免 */
var p_maoshangzuo   = 3101;  /* 贸，上左 */
var p_paiyouli      = 3102;  /* 派，右里 */
var p_nong          = 3103;  /* 农 */
var p_zhu           = 3104;  /* 朱 */
var p_huan          = 3105;  /* 奂 */
var p_shiqu         = 3106;  /* 失，去 */
var p_shen          = 3107;  /* 身 */
var p_zhou          = 3108;  /* 舟 */
var p_shou          = 3109;  /* 手 */
var p_wo            = 3110;  /* 我 */
var p_jiu           = 3111;  /* 臼 */
var piedian         = 3112;  /* 率，中最右 */
var p_zhong         = 3113;  /* 重 */
var p_cheng         = 3114;  /* 乘 */
var p_beizitou      = 3115;  /* 卑，上部 */
var aozikuang       = 3116;  /* 奥，上框 */
var p_xidian        = 3117;  /* 然，上左 */
var p_gui           = 3118;  /* 鬼 */
var p_yu            = 3119;  /* 禹 */
var p_chui          = 3120;  /* 垂 */
var p_xiang         = 3121;  /* 象 */
var p_juzidi        = 3122;  /* 聚，下部 */
var p_dan           = 3123;  /* 丹 */
var p_zimei         = 3124;  /* 姊，右边 */
var p_ju            = 3125;  /* 句 */
var p_le            = 3126;  /* 乐 */
var p_yinzizuo      = 3127;  /* 殷，左边 */
var p_cong          = 3128;  /* 囱 */
var p_xun           = 3129;  /* 熏，上部 */
var p_yushangzuo    = 3130;  /* 舆，上左 */
var shangzitou      = 2001;  /* 上 */
var lidaopang       = 2002;  /* 刚 */
var tongzikuang     = 2003;  /* 同 */
var s_kou           = 2004;  /* 口 */
var guangzitou      = 2005;  /* 光 */
var jiangzipang     = 2006;  /* 壮 */
var shuxinpang      = 2007;  /* 怀 */
var minzidi         = 2008;  /* 监 */
var huzitou         = 2009;  /* 虎 */
var zuzipang        = 2010;  /* 跟 */
var s_bu            = 2011;  /* 卜 */
var s_jin           = 2012;  /* 巾 */
var s_beizizuo      = 2013;  /* 北，左边 */
var s_ri            = 2014;  /* 日 */
var s_shupie        = 2015;  /* 帅，左边 */
var s_zhi           = 2016;  /* 止 */
var s_bei           = 2017;  /* 贝 */
var s_xiao          = 2018;  /* 小，无钩 */
var s_shao          = 2019;  /* 少 */
var s_shan          = 2020;  /* 山 */
var s_gang          = 2021;  /* 冈 */
var s_zhong         = 2022;  /* 中 */
var s_jian          = 2023;  /* 见 */
var s_shaowud       = 2024;  /* 步，下部 */
var s_liangshu      = 2025;  /* 竖，上左 */
var s_mu            = 2026;  /* 目 */
var s_qie           = 2027;  /* 且 */
var s_you           = 2028;  /* 由 */
var s_tian          = 2029;  /* 田 */
var s_shen          = 2030;  /* 申 */
var s_nei           = 2031;  /* 内 */
var s_yue           = 2032;  /* 月，竖起 */
var s_jia           = 2033;  /* 甲 */
var s_yang          = 2034;  /* 央 */
var s_juzitou       = 2035;  /* 具，上边 */
var s_zhan          = 2036;  /* 占 */
var s_dianzitou     = 2037;  /* 典，上面 */
var s_siwuzhe       = 2038;  /* 罗，上面 */
var s_shi           = 2039;  /* 史 */
var s_zouzidi       = 2040;  /* 走，下面 */
var s_guanzidi      = 2041;  /* 官，下面 */
var s_chu           = 2042;  /* 出 */
var s_guanzitou     = 2043;  /* 贯 */
var s_gezidi        = 2044;  /* 革，下面 */
var s_chong         = 2045;  /* 虫 */
var s_li            = 2046;  /* 里 */
var s_daori         = 2047;  /* 临，右下 */
var s_ye            = 2048;  /* 业 */
var s_guizitou      = 2049;  /* 贵，上部 */
var s_guzitou       = 2050;  /* 骨，去月 */
var s_bianzili      = 2051;  /* 扁，里面 */
var s_yong          = 2052;  /* 用，竖起 */
var s_fei           = 2053;  /* 非 */
var s_hguankou      = 2054;  /* 衰，中间，横贯口 */
var s_guo           = 2055;  /* 果 */
var s_dian          = 2056;  /* 电 */
var s_shuzizuo      = 2057;  /* 叔，左边 */
var s_chuan         = 2058;  /* 串 */
var s_yu            = 2059;  /* 禺 */
var s_danzidi       = 2060;  /* 单，下部 */
var s_heizitou      = 2061;  /* 黑，上部 */
var s_zengzizh      = 2062;  /* 曾，中间 */
var s_dingxiayou    = 2063;  /* 鼎，下右 */
var s_dianshui      = 2064;  /* 犀，里上 */
var s_mianzidi      = 2065;  /* 面，下部 */
var fanzipang       = 5001;  /* 反 */
var xiongzikuang    = 5002;  /* 画 */
var danerpang       = 5003;  /* 印 */
var zuoerpang       = 5004;  /* 阳 */
var youerpang       = 5005;  /* 那 */
var sigong          = 5006;  /* 私 */
var jianzidi        = 5007;  /* 建 */
var luzitou         = 5008;  /* 录 */
var xunzitou        = 5009;  /* 寻 */
var jiaosipang      = 5010;  /* 红 */
var youzipang       = 5011;  /* 幼 */
var sanzhe          = 5012;  /* 巡 */
var shuxindi        = 5013;  /* 恭 */
var dengzitou       = 5014;  /* 登 */
var jianzili        = 5015;  /* 聿 */
var kenzitou        = 5016;  /* 垦 */
var yi              = 5017;  /* 乙 */
var z_you           = 5018; 
var z_li            = 5019;  /* 力 */
var z_zuokai        = 5020;  /* 巨，里面 */
var z_dao           = 5021;  /* 刀 */
var z_nai           = 5022;  /* 乃 */
var cangzidi        = 5023;  /* 仓，下部 */
var z_gong          = 5024; 
var z_zi            = 5025;  /* 子 */
var shutidian       = 5026; 
var z_shouzizuo     = 5027;  /* 收，左边 */
var z_ye            = 5028;  /* 也 */
var z_xunziyou      = 5029;  /* 讯，右边 */
var z_ji            = 5030;  /* 己 */
var z_shizitou      = 5031;  /* 尸 */
var z_le            = 5032;  /* 了 */
var z_nv            = 5033;  /* 女 */
var z_siziban       = 5034;  /* 丝，上一半 */
var z_yangziyou     = 5035;  /* 杨，右边 */
var z_ban           = 5036;  /* 办 */
var z_xiao          = 5037;  /* 小，有钩 */
var z_ma            = 5038;  /* 马 */
var z_xuechuheng    = 5039;  /* 聿，上部 */
var z_ba            = 5040;  /* 巴 */
var z_shui          = 5041;  /* 水 */
var z_jueziyou      = 5042;  /* 决，右边 */
var z_nazizuo       = 5043;  /* 那，左边 */
var z_chi           = 5044;  /* 尺 */
var z_si            = 5045;  /* 巳 */
var z_yijing        = 5046;  /* 已 */
var z_xi            = 5047;  /* 习 */
var z_chou          = 5048;  /* 丑 */
var z_meizitou      = 5049;  /* 眉，上部 */
var z_baoziyou      = 5050;  /* 报，右边 */
var z_mu            = 5051;  /* 母 */
var z_fu            = 5052;  /* 弗 */
var z_yu            = 5053;  /* 予 */
var z_siyi          = 5054;  /* 司 */
var z_yiziyou       = 5055;  /* 译，右边 */
var z_yin           = 5056;  /* 尹 */
var z_jizizuo       = 5057;  /* 即，左边 */
var z_jingziyou     = 5058;  /* 经，右边 */
var z_fa            = 5059;  /* 发 */
var z_sangzidi      = 5060;  /* 丧，下边 */
var z_dianshui      = 5061;  /* 泰，下面 */
var z_lishu         = 5062;  /* 隶，属 */
var z_dizidi        = 5063;  /* 第，下面 */
var z_yongzitou     = 5064;  /* 甬，上面 */
var z_mao           = 5065;  /* 矛 */
var z_eti           = 5066;  /* 顾，左里 */
var z_min           = 5067;  /* 民 */
var z_houzitou      = 5068;  /* 侯，右上 */
var z_tangzili      = 5069;  /* 唐，里上 */
var z_yongzili      = 5070;  /* 庸，里面 */
var z_luzhongsh     = 5071;  /* 鹿，中上 */
var z_liangyoush    = 5072;  /* 梁，右上 */
var z_fangzidi      = 5073;  /* 方，下部 */
var z_shuzizuo      = 5074;  /* 疏，左边 */
var z_yuanzitou     = 5075;  /* 缘，右上 */
var z_cheng         = 5076;  /* 丞 */
var z_shutidd       = 5077;  /* 鼠，下最左 */
var z_jishangyou    = 5078;  /* 祭，上右 */
var z_jiajian       = 5079;  /* 叚 */
var feizikuang      = 5080;  /* 虱，外框 */
var z_shu           = 5081;  /* 肃 */
var z_dingxiazuo    = 5082;  /* 鼎，下左 */
var z_chiyoush      = 5083;  /* 嗤，右上 */
var z_yushangyou    = 5084;  /* 舆，上右 */
