var jiangzikuang    = 1001;  /* 匠 */
var caozitou        = 1002;  /* 草 */
var youzishen       = 1003;  /* 尤，无点 */
var tishoupang      = 1004;  /* 提 */
var shizikuang      = 1005;  /* 式 */
var laozitou        = 1006;  /* 老 */
var chaozipang      = 1007;  /* 朝 */
var h_ten           = 1008;  /* 十 */
var h_chang         = 1009;  /* 厂 */
var h_ding          = 1010;  /* 丁 */
var h_two           = 1011;  /* 二 */
var h_gan           = 1012;  /* 干 */
var h_gong          = 1013;  /* 工 */
var h_qiaoziyou     = 1014;  /* 巧, 右边 */
var h_hengpie       = 1015;  /* 左，左上 */
var h_wan           = 1016;  /* 万 */
var h_che           = 1017;  /* 车 */
var h_cun           = 1018;  /* 寸 */
var h_zhang         = 1019;  /* 丈 */
var h_three         = 1020;  /* 三 */
var h_and           = 1021;  /* 与 */
var h_tu            = 1022;  /* 土 */
var h_kai           = 1023;  /* 开 */
var h_yun           = 1024;  /* 云 */
var h_shi           = 1025;  /* 士 */
var h_stone         = 1026;  /* 石 */
var h_mu            = 1027;  /* 木 */
var h_da            = 1028;  /* 大 */
var h_quan          = 1029;  /* 犬 */
var h_zaizitou      = 1030;  /* 在，去土 */
var h_kui           = 1031;  /* 亏 */
var h_dai           = 1032;  /* 歹 */
var h_ya            = 1033;  /* 牙 */
var h_ge            = 1034;  /* 戈 */
var h_wuzidi        = 1035;  /* 兀 */
var h_xia           = 1036;  /* 下 */
var h_cai           = 1037;  /* 才 */
var h_qu            = 1038;  /* 去 */
var h_gu            = 1039;  /* 古 */
var h_wei           = 1040;  /* 韦 */
var h_zhuan         = 1041;  /* 专 */
var h_five          = 1042;  /* 五 */
var h_xingziyou     = 1043;  /* 行，右边 */
var h_wang          = 1044;  /* 王 */
var h_yu            = 1045;  /* 玉 */
var h_mugou         = 1046;  /* 杀，下部 */
var h_kai           = 1047;  /* 开 */
var h_tian          = 1048;  /* 天 */
var h_yushi         = 1049;  /* 于，于是 */
var h_jing          = 1050;  /* 井 */
var h_piecao        = 1051;  /* 异，下部 */
var h_piefeng       = 1052;  /* 寿，上部 */
var h_qingzitou     = 1053;  /* 青，上部 */
var h_yuan          = 1054;  /* 元 */
var h_fu            = 1055;  /* 夫 */
var h_zhi           = 1056;  /* 支 */
var h_bu            = 1057;  /* 不 */
var h_ju            = 1058;  /* 巨 */
var h_tun           = 1059;  /* 屯 */
var h_ben           = 1060;  /* 本 */
var h_ke            = 1061;  /* 可 */
var h_yuzidi        = 1062;  /* 余，下部 */
var h_budai         = 1063;  /* 布，袋 */
var h_dong          = 1064;  /* 东 */
var h_zheng         = 1065;  /* 正 */
var h_ping          = 1066;  /* 平 */
var h_shiren        = 1067;  /* 示，人 */
var h_jida          = 1068;  /* 击，打 */
var h_fengzitou     = 1069;  /* 奉，上部 */
var h_fengzidi      = 1070;  /* 奉，下部 */
var h_mo            = 1071;  /* 末 */
var h_long          = 1072;  /* 龙 */
var h_you           = 1073;  /* 友 */
var h_jianziyou     = 1074;  /* 拣，右边 */
var h_ye            = 1075;  /* 页 */
var h_erduo         = 1076;  /* 耳 */
var h_erqie         = 1077;  /* 而 */
var h_wuxu          = 1078;  /* 戊 */
var h_qiangzitou    = 1079;  /* 墙，右上 */
var h_chen          = 1080;  /* 臣 */
var h_cizizuo       = 1081;  /* 刺，左边 */
var h_shu           = 1082;  /* 束 */
var h_yushui        = 1083;  /* 雨 */
var h_tai           = 1084;  /* 太 */
var h_zhiyu         = 1085;  /* 至 */
var h_weilai        = 1086;  /* 未 */
var h_xizitou       = 1087;  /* 昔，上面 */
var h_li            = 1088;  /* 吏 */
var h_jinxia        = 1089;  /* 金，下部 */
var h_shushi        = 1090;  /* 肺，右边 */
var h_zhan          = 1091;  /* 栈，右边 */
var h_shijie        = 1092;  /* 世 */
var h_cheng         = 1093;  /* 成 */
var h_jia           = 1094;  /* 夹 */
var h_jiangyouxia   = 1095;  /* 降，右下 */
var h_wuyou         = 1096;  /* 无 */
var h_gewudian      = 1097;  /* 戈，无点 */
var h_ganku         = 1098;  /* 甘 */
var h_qizitou       = 1099;  /* 其，上面 */
var h_caoheng       = 1100;  /* 革，上部 */
var h_daizitou      = 1101;  /* 带，最上 */
var h_bing          = 1102;  /* 丙 */
var h_xiwuzhe       = 1103;  /* 要，上部 */
var chengzikuang    = 1104;  /* 成，咸框 */
var h_baiziyou      = 1105;  /* 拜，右边 */
var h_geng          = 1106;  /* 更 */
var h_liang         = 1107;  /* 两 */
var h_yangzizh      = 1108;  /* 养，中部 */
var h_xi            = 1109;  /* 西 */
var h_jiziyou       = 1110;  /* 既，右边 */
var h_yi            = 1111;  /* 姨，右边 */
var h_gengzizuo     = 1112;  /* 耕，左边 */
var h_feng          = 1113;  /* 丰 */
var zaizikuang      = 1114;  /* 栽，去木 */
var h_fudu          = 1115;  /* 甫 */
var h_chenxing      = 1116;  /* 辰 */
var h_yazhou        = 1117;  /* 亚 */
var h_dingwugou     = 1118;  /* 哥，上框 */
var h_dou           = 1119;  /* 豆 */
var h_youxin        = 1120;  /* 酉，辛 */
var h_hengxiapie    = 1121;  /* 夏，最上 */
var h_sizizuo       = 1122;  /* 肆，左边 */
var h_zhizhu        = 1123;  /* 肆，左边 */
var h_dunti         = 1124;  /* 顿，左边 */
var h_seven         = 1125;  /* 七 */
var h_wa            = 1126;  /* 瓦 */
var h_qiu           = 1127;  /* 求 */
var h_jieziyou      = 1128;  /* 捷，右边 */
var h_yuezili       = 1129;  /* 越，里面 */
var h_huizitou      = 1130;  /* 惠，上部 */
var h_benzitou      = 1131;  /* 贲，上部 */
var h_sanhls        = 1132;  /* 塞，中上 */
var h_qinzizuo      = 1133;  /* 勤，左边 */
var h_caozitou      = 1134;  /* 曹，上部 */
var h_hsishu        = 1135;  /* 舞，一横四竖 */
var h_liaoyoush     = 1136;  /* 燎，右上 */
var h_yinzizhong    = 1137;  /* 寅，中部 */
var zangzikuang     = 1138;  /* 臧，外框 */
var h_nangzitou     = 1139;  /* 囊，最上 */
var h_nue           = 1140;  /* 虐，里面 */
var h_gai           = 1141;  /* 丐 */
var h_wu            = 1142;  /* 巫 */
var h_shixue        = 1143;  /* 妻，上部 */
var h_chi           = 1144;  /* 赤 */
var h_yuwuheng      = 1145;  /* 与，无下横 */
var h_jimei         = 1146;  /* 姬，右边，美 */
var h_guazizhong    = 1147;  /* 寡，中部 */
var h_jian          = 1148;  /* 柬 */
