var liuzitou        = 4001;  /* 六 */
var liangdianshui   = 4002;  /* 次 */
var lanzitou        = 4003;  /* 兰 */
var yanzipang       = 4004;  /* 语 */
var baogaitou       = 4005;  /* 安 */
var sandianshui     = 4006;  /* 江 */
var zouzhidi        = 4007;  /* 过 */
var huozipang       = 4008;  /* 火 */
var sidiandi        = 4009;  /* 点 */
var shizipang       = 4010;  /* 视 */
var bingzitou       = 4011;  /* 病 */
var buyipang        = 4012;  /* 补 */
var pieweiyang      = 4013;  /* 差 */
var yangzitou       = 4014;  /* 羔 */
var jinzidi         = 4015;  /* 今，下边 */
var d_zhi           = 4016;  /* 之 */
var d_men           = 4017;  /* 门 */
var d_yi            = 4018;  /* 义 */
var d_lingzidi      = 4019;  /* 令 */
var d_ld_sl         = 4020;  /* 冬 */
var d_guang         = 4021;  /* 广 */
var d_wang          = 4022;  /* 亡 */
var d_fang          = 4023;  /* 方 */
var d_wei           = 4024;  /* 为 */
var d_wen           = 4025;  /* 文 */
var d_mi            = 4026;  /* 米 */
var d_zhou          = 4027;  /* 州 */
var d_xingzitou     = 4028;  /* 兴，上面，不带横 */
var d_tou           = 4029;  /* 头 */
var d_kang          = 4030;  /* 亢 */
var d_dou           = 4031;  /* 斗 */
var d_hu            = 4032;  /* 户 */
var d_xin           = 4033;  /* 心 */
var d_zhu           = 4034;  /* 主 */
var d_li            = 4035;  /* 立 */
var d_ban           = 4036;  /* 半 */
var d_panzizuo      = 4037;  /* 判，左边 */
var xuezitou        = 4038;  /* 究，上边 */
var d_lan           = 4039;  /* 兰 */
var d_yong          = 4040;  /* 永 */
var d_yifu          = 4041;  /* 衣 */
var d_bianzitou     = 4042;  /* 变，上部 */
var d_jiao          = 4043;  /* 交 */
var d_hai           = 4044;  /* 亥 */
var d_chongzitou    = 4045;  /* 充，上面 */
var d_shi           = 4046;  /* 市 */
var d_guan          = 4047;  /* 关 */
var d_juanzitou     = 4048;  /* 卷，上面 */
var d_yang          = 4049;  /* 羊 */
var d_xinzidi       = 4050;  /* 辛，去点横 */
var d_yan           = 4051;  /* 言 */
var d_yiye          = 4052;  /* 亦 */
var d_ni            = 4053;  /* 逆，里面 */
var d_dianpie       = 4054;  /* 班，里面 */
var d_liang         = 4055;  /* 良 */
var d_jizitou       = 4056;  /* 脊，上部 */
var d_jian          = 4057;  /* 兼 */
var d_langzizuo     = 4058;  /* 朗，左边 */
var d_chan          = 4059;  /* 产 */
var d_gezili        = 4060;  /* 隔，右下里 */
var d_zu            = 4061;  /* 卒 */
var d_bizizuo       = 4062;  /* 敝，左边 */
