var danrenpang      = 3001;  /* 化 */
var weizitou        = 3002;  /* 危 */
var baozitou        = 3003;  /* 包 */
var fengzitou       = 3004;  /* 凤 */
var tubaogai        = 3005;  /* 军 */
var shuangrenpang   = 3006;  /* 很 */
var sanpie          = 3007;  /* 形 */
var fanquanpang     = 3008;  /* 狼 */
var zhewen          = 3009;  /* 条 */
var shichi          = 3010;  /* 饭 */
var fanwenpang      = 3011;  /* 故 */
var caizitou        = 3012;  /* 采 */
var jinzipang       = 3013;  /* 银 */
var zhuzitou        = 3014;  /* 第 */
var fanzitou        = 3015;  /* 番 */
var baozipang       = 3016;  /* 豹 */
var quezipang       = 3017;  /* 雄 */
var pieheng         = 3018;  /* 乞，上部 */
var p_ji            = 3019;  /* 几 */
var cha             = 3020;  /* 区，里面 */
var p_er            = 3021;  /* 儿 */
var p_bi            = 3022;  /* 匕 */
var p_nine          = 3023;  /* 九 */
var p_ren           = 3024;  /* 人 */
var pieshu          = 3025;  /* 介，下部 */
var p_eight         = 3026;  /* 八 */
var liangpie        = 3027;  /* 勿，里面 */
var p_xi            = 3028;  /* 夕 */
var p_chuan         = 3029;  /* 川 */
var p_tuoziyou      = 3030;  /* 托，右边 */
var p_wan           = 3031;  /* 丸 */
var p_fan           = 3032;  /* 凡 */
var p_jige          = 3033;  /* 及，格 */
var p_yue           = 3034;  /* 月 */
var p_bai           = 3035;  /* 白 */
var p_jin           = 3036;  /* 斤 */
var p_najiu         = 3037;  /* 轨，右边 */
var p_she           = 3038;  /* 舌 */
var p_thousand      = 3039;  /* 千 */
var p_yao           = 3040;  /* 夭 */
var p_qiu           = 3041;  /* 丘 */
var p_yanzili       = 3042;  /* 延，里面 */
var p_rengui        = 3043;  /* 壬 */
var p_niu           = 3044;  /* 牛 */
var p_jie           = 3045;  /* 介 */
var p_fen           = 3046;  /* 分 */
var p_angzizuo      = 3047;  /* 卬，左边 */
var p_maozizuo      = 3048;  /* 卯，左边 */
var p_fu            = 3049;  /* 父 */
var p_qian          = 3050;  /* 欠 */
var p_wu            = 3051;  /* 午 */
var p_lun           = 3052;  /* 仑 */
var p_shao          = 3053;  /* 勺 */
var p_zhao          = 3054;  /* 爪 */
var p_cang          = 3055;  /* 仓 */
var p_yun           = 3056;  /* 匀 */
var p_rong          = 3057;  /* 冗 */
var p_shi           = 3058;  /* 矢 */
var p_wuya          = 3059;  /* 乌 */
var p_chang         = 3060;  /* 长 */
var p_niuwuwei      = 3061;  /* 告，上面 */
var p_he            = 3062;  /* 禾 */
var p_zha           = 3063;  /* 乍 */
var p_ling          = 3064;  /* 令 */
var p_yong          = 3065;  /* 用 */
var p_di            = 3066;  /* 氐 */
var p_shizu         = 3067;  /* 氏 */
var p_erya          = 3068;  /* 尔 */
var p_fanzhi        = 3069;  /* 反 */
var p_jintian       = 3070;  /* 今 */
var p_ce            = 3071;  /* 册 */
var p_niaowuheng    = 3072;  /* 鸟，无横 */
var p_qi            = 3073;  /* 气 */
var p_gou           = 3074;  /* 勾 */
var p_shenziyou     = 3075;  /* 沈，右边 */
var p_mao           = 3076;  /* 毛 */
var p_pi            = 3077;  /* 皮 */
var p_gong          = 3078;  /* 公 */
var p_yizidi        = 3079;  /* 衣，下部 */
var p_wuyou         = 3080;  /* 勿 */
var p_hu            = 3081;  /* 乎 */
var p_zhizizuo      = 3082;  /* 制，左边 */
var p_pian          = 3083;  /* 片 */
var zhouzikuang     = 3084;  /* 周，外框 */
var p_gua           = 3085;  /* 瓜 */
var p_yedian        = 3086;  /* 夜，下右 */
var p_sheng         = 3087;  /* 生 */
var p_zhaotou       = 3088;  /* 兆，头 */
var p_zheng         = 3089;  /* 争 */
var p_liuzidi       = 3090;  /* 流，右下 */
var p_zhutouban     = 3091;  /* 临，右上 */
var p_fa            = 3092;  /* 乏 */
var p_zi            = 3093;  /* 自 */
var p_xiangzikuang  = 3094;  /* 向 */
var p_xiezizuo      = 3095;  /* 卸，左边 */
var p_gangwa        = 3096;  /* 缸，左边 */
var p_baizizuo      = 3097;  /* 拜，左边 */
var p_duanzizuo     = 3098;  /* 段，左边 */
var p_zhuizili      = 3099;  /* 追，里边 */
var p_mian          = 3100;  /* 免 */
var p_maoshangzuo   = 3101;  /* 贸，上左 */
var p_paiyouli      = 3102;  /* 派，右里 */
var p_nong          = 3103;  /* 农 */
var p_zhu           = 3104;  /* 朱 */
var p_huan          = 3105;  /* 奂 */
var p_shiqu         = 3106;  /* 失，去 */
var p_shen          = 3107;  /* 身 */
var p_zhou          = 3108;  /* 舟 */
var p_shou          = 3109;  /* 手 */
var p_wo            = 3110;  /* 我 */
var p_jiu           = 3111;  /* 臼 */
var piedian         = 3112;  /* 率，中最右 */
var p_zhong         = 3113;  /* 重 */
var p_cheng         = 3114;  /* 乘 */
var p_beizitou      = 3115;  /* 卑，上部 */
var aozikuang       = 3116;  /* 奥，上框 */
var p_xidian        = 3117;  /* 然，上左 */
var p_gui           = 3118;  /* 鬼 */
var p_yu            = 3119;  /* 禹 */
var p_chui          = 3120;  /* 垂 */
var p_xiang         = 3121;  /* 象 */
var p_juzidi        = 3122;  /* 聚，下部 */
var p_dan           = 3123;  /* 丹 */
var p_zimei         = 3124;  /* 姊，右边 */
var p_ju            = 3125;  /* 句 */
var p_le            = 3126;  /* 乐 */
var p_yinzizuo      = 3127;  /* 殷，左边 */
var p_cong          = 3128;  /* 囱 */
var p_xun           = 3129;  /* 熏，上部 */
var p_yushangzuo    = 3130;  /* 舆，上左 */
