var shangzitou      = 2001;  /* 上 */
var lidaopang       = 2002;  /* 刚 */
var tongzikuang     = 2003;  /* 同 */
var s_kou           = 2004;  /* 口 */
var guangzitou      = 2005;  /* 光 */
var jiangzipang     = 2006;  /* 壮 */
var shuxinpang      = 2007;  /* 怀 */
var minzidi         = 2008;  /* 监 */
var huzitou         = 2009;  /* 虎 */
var zuzipang        = 2010;  /* 跟 */
var s_bu            = 2011;  /* 卜 */
var s_jin           = 2012;  /* 巾 */
var s_beizizuo      = 2013;  /* 北，左边 */
var s_ri            = 2014;  /* 日 */
var s_shupie        = 2015;  /* 帅，左边 */
var s_zhi           = 2016;  /* 止 */
var s_bei           = 2017;  /* 贝 */
var s_xiao          = 2018;  /* 小，无钩 */
var s_shao          = 2019;  /* 少 */
var s_shan          = 2020;  /* 山 */
var s_gang          = 2021;  /* 冈 */
var s_zhong         = 2022;  /* 中 */
var s_jian          = 2023;  /* 见 */
var s_shaowud       = 2024;  /* 步，下部 */
var s_liangshu      = 2025;  /* 竖，上左 */
var s_mu            = 2026;  /* 目 */
var s_qie           = 2027;  /* 且 */
var s_you           = 2028;  /* 由 */
var s_tian          = 2029;  /* 田 */
var s_shen          = 2030;  /* 申 */
var s_nei           = 2031;  /* 内 */
var s_yue           = 2032;  /* 月，竖起 */
var s_jia           = 2033;  /* 甲 */
var s_yang          = 2034;  /* 央 */
var s_juzitou       = 2035;  /* 具，上边 */
var s_zhan          = 2036;  /* 占 */
var s_dianzitou     = 2037;  /* 典，上面 */
var s_siwuzhe       = 2038;  /* 罗，上面 */
var s_shi           = 2039;  /* 史 */
var s_zouzidi       = 2040;  /* 走，下面 */
var s_guanzidi      = 2041;  /* 官，下面 */
var s_chu           = 2042;  /* 出 */
var s_guanzitou     = 2043;  /* 贯 */
var s_gezidi        = 2044;  /* 革，下面 */
var s_chong         = 2045;  /* 虫 */
var s_li            = 2046;  /* 里 */
var s_daori         = 2047;  /* 临，右下 */
var s_ye            = 2048;  /* 业 */
var s_guizitou      = 2049;  /* 贵，上部 */
var s_guzitou       = 2050;  /* 骨，去月 */
var s_bianzili      = 2051;  /* 扁，里面 */
var s_yong          = 2052;  /* 用，竖起 */
var s_fei           = 2053;  /* 非 */
var s_hguankou      = 2054;  /* 衰，中间，横贯口 */
var s_guo           = 2055;  /* 果 */
var s_dian          = 2056;  /* 电 */
var s_shuzizuo      = 2057;  /* 叔，左边 */
var s_chuan         = 2058;  /* 串 */
var s_yu            = 2059;  /* 禺 */
var s_danzidi       = 2060;  /* 单，下部 */
var s_heizitou      = 2061;  /* 黑，上部 */
var s_zengzizh      = 2062;  /* 曾，中间 */
var s_dingxiayou    = 2063;  /* 鼎，下右 */
var s_dianshui      = 2064;  /* 犀，里上 */
var s_mianzidi      = 2065;  /* 面，下部 */
