var fanzipang       = 5001;  /* 反 */
var xiongzikuang    = 5002;  /* 画 */
var danerpang       = 5003;  /* 印 */
var zuoerpang       = 5004;  /* 阳 */
var youerpang       = 5005;  /* 那 */
var sigong          = 5006;  /* 私 */
var jianzidi        = 5007;  /* 建 */
var luzitou         = 5008;  /* 录 */
var xunzitou        = 5009;  /* 寻 */
var jiaosipang      = 5010;  /* 红 */
var youzipang       = 5011;  /* 幼 */
var sanzhe          = 5012;  /* 巡 */
var shuxindi        = 5013;  /* 恭 */
var dengzitou       = 5014;  /* 登 */
var jianzili        = 5015;  /* 聿 */
var kenzitou        = 5016;  /* 垦 */
var yi              = 5017;  /* 乙 */
var z_you           = 5018; 
var z_li            = 5019;  /* 力 */
var z_zuokai        = 5020;  /* 巨，里面 */
var z_dao           = 5021;  /* 刀 */
var z_nai           = 5022;  /* 乃 */
var cangzidi        = 5023;  /* 仓，下部 */
var z_gong          = 5024; 
var z_zi            = 5025;  /* 子 */
var shutidian       = 5026; 
var z_shouzizuo     = 5027;  /* 收，左边 */
var z_ye            = 5028;  /* 也 */
var z_xunziyou      = 5029;  /* 讯，右边 */
var z_ji            = 5030;  /* 己 */
var z_shizitou      = 5031;  /* 尸 */
var z_le            = 5032;  /* 了 */
var z_nv            = 5033;  /* 女 */
var z_siziban       = 5034;  /* 丝，上一半 */
var z_yangziyou     = 5035;  /* 杨，右边 */
var z_ban           = 5036;  /* 办 */
var z_xiao          = 5037;  /* 小，有钩 */
var z_ma            = 5038;  /* 马 */
var z_xuechuheng    = 5039;  /* 聿，上部 */
var z_ba            = 5040;  /* 巴 */
var z_shui          = 5041;  /* 水 */
var z_jueziyou      = 5042;  /* 决，右边 */
var z_nazizuo       = 5043;  /* 那，左边 */
var z_chi           = 5044;  /* 尺 */
var z_si            = 5045;  /* 巳 */
var z_yijing        = 5046;  /* 已 */
var z_xi            = 5047;  /* 习 */
var z_chou          = 5048;  /* 丑 */
var z_meizitou      = 5049;  /* 眉，上部 */
var z_baoziyou      = 5050;  /* 报，右边 */
var z_mu            = 5051;  /* 母 */
var z_fu            = 5052;  /* 弗 */
var z_yu            = 5053;  /* 予 */
var z_siyi          = 5054;  /* 司 */
var z_yiziyou       = 5055;  /* 译，右边 */
var z_yin           = 5056;  /* 尹 */
var z_jizizuo       = 5057;  /* 即，左边 */
var z_jingziyou     = 5058;  /* 经，右边 */
var z_fa            = 5059;  /* 发 */
var z_sangzidi      = 5060;  /* 丧，下边 */
var z_dianshui      = 5061;  /* 泰，下面 */
var z_lishu         = 5062;  /* 隶，属 */
var z_dizidi        = 5063;  /* 第，下面 */
var z_yongzitou     = 5064;  /* 甬，上面 */
var z_mao           = 5065;  /* 矛 */
var z_eti           = 5066;  /* 顾，左里 */
var z_min           = 5067;  /* 民 */
var z_houzitou      = 5068;  /* 侯，右上 */
var z_tangzili      = 5069;  /* 唐，里上 */
var z_yongzili      = 5070;  /* 庸，里面 */
var z_luzhongsh     = 5071;  /* 鹿，中上 */
var z_liangyoush    = 5072;  /* 梁，右上 */
var z_fangzidi      = 5073;  /* 方，下部 */
var z_shuzizuo      = 5074;  /* 疏，左边 */
var z_yuanzitou     = 5075;  /* 缘，右上 */
var z_cheng         = 5076;  /* 丞 */
var z_shutidd       = 5077;  /* 鼠，下最左 */
var z_jishangyou    = 5078;  /* 祭，上右 */
var z_jiajian       = 5079;  /* 叚 */
var feizikuang      = 5080;  /* 虱，外框 */
var z_shu           = 5081;  /* 肃 */
var z_dingxiazuo    = 5082;  /* 鼎，下左 */
var z_chiyoush      = 5083;  /* 嗤，右上 */
var z_yushangyou    = 5084;  /* 舆，上右 */
